#
# There is insufficient memory for the Java Runtime Environment to continue.
# Native memory allocation (mmap) failed to map 99614720 bytes for G1 virtual space
# Possible reasons:
#   The system is out of physical RAM or swap space
#   The process is running with CompressedOops enabled, and the Java Heap may be blocking the growth of the native heap
# Possible solutions:
#   Reduce memory load on the system
#   Increase physical memory or swap space
#   Check if swap backing store is full
#   Decrease Java heap size (-Xmx/-Xms)
#   Decrease number of Java threads
#   Decrease Java thread stack sizes (-Xss)
#   Set larger code cache with -XX:ReservedCodeCacheSize=
#   JVM is running with Unscaled Compressed Oops mode in which the Java heap is
#     placed in the first 4GB address space. The Java Heap base address is the
#     maximum limit for the native heap growth. Please use -XX:HeapBaseMinAddress
#     to set the Java Heap base and to place the Java Heap above 4GB virtual address.
# This output file may be truncated or incomplete.
#
#  Out of Memory Error (os_windows.cpp:3530), pid=7356, tid=9580
#
# JRE version: Java(TM) SE Runtime Environment (18.0.2.1+1) (build 18.0.2.1+1-1)
# Java VM: Java HotSpot(TM) 64-Bit Server VM (18.0.2.1+1-1, mixed mode, sharing, tiered, compressed oops, compressed class ptrs, g1 gc, windows-amd64)
# No core dump will be written. Minidumps are not enabled by default on client versions of Windows
#

---------------  S U M M A R Y ------------

Command Line: -javaagent:C:\Users\Yara\AppData\Local\JetBrains\IntelliJ IDEA Community Edition 2022.2.2\lib\idea_rt.jar=52089:C:\Users\Yara\AppData\Local\JetBrains\IntelliJ IDEA Community Edition 2022.2.2\bin -Dfile.encoding=UTF-8 -Dsun.stdout.encoding=UTF-8 -Dsun.stderr.encoding=UTF-8 com.picturethis.PictureThisApplication

Host: Intel(R) Core(TM) i5-2430M CPU @ 2.40GHz, 4 cores, 5G,  Windows 7 , 64 bit Build 7601 (6.1.7601.24545)
Time: Mon Dec 12 20:40:39 2022 Egypt Standard Time elapsed time: 78143.114580 seconds (0d 21h 42m 23s)

---------------  T H R E A D  ---------------

Current thread (0x000000001cde4b00):  VMThread "VM Thread" [stack: 0x000000001fdc0000,0x000000001fec0000] [id=9580]

Stack: [0x000000001fdc0000,0x000000001fec0000]
Native frames: (J=compiled Java code, j=interpreted, Vv=VM code, C=native code)
V  [jvm.dll+0x6993aa]
V  [jvm.dll+0x7f46dd]
V  [jvm.dll+0x7f5fee]
V  [jvm.dll+0x7f66a3]
V  [jvm.dll+0x25cf1f]
V  [jvm.dll+0x6962f9]
V  [jvm.dll+0x68ae2a]
V  [jvm.dll+0x32255b]
V  [jvm.dll+0x329f36]
V  [jvm.dll+0x37eade]
V  [jvm.dll+0x37ed0f]
V  [jvm.dll+0x2fa2da]
V  [jvm.dll+0x2fa387]
V  [jvm.dll+0x33e8c2]
V  [jvm.dll+0x33ce64]
V  [jvm.dll+0x2f9ab0]
V  [jvm.dll+0x33c43b]
V  [jvm.dll+0x7fb48b]
V  [jvm.dll+0x7fc224]
V  [jvm.dll+0x7fc75c]
V  [jvm.dll+0x7fcbb4]
V  [jvm.dll+0x7fcc77]
V  [jvm.dll+0x7a120a]
V  [jvm.dll+0x698255]
C  [ucrtbase.DLL+0x1d912]
C  [kernel32.dll+0x1556d]
C  [ntdll.dll+0x5372d]

VM_Operation (0x0000000028d3c110): G1CollectForAllocation, mode: safepoint, requested by thread 0x0000000028a0d390


---------------  P R O C E S S  ---------------

Threads class SMR info:
_java_thread_list=0x0000000029a9e5e0, length=28, elements={
0x000000001fc547a0, 0x000000001fc55590, 0x000000001fc63c00, 0x000000001fc644b0,
0x000000001fc64d60, 0x000000001fc65610, 0x000000001fc685f0, 0x000000001fc68ee0,
0x000000001fcd0960, 0x000000001fd64d90, 0x0000000025492210, 0x00000000283bfed0,
0x00000000283c16e0, 0x0000000028a0cec0, 0x00000000283bf530, 0x0000000028bb3bb0,
0x00000000283c0d40, 0x00000000283c2a20, 0x00000000283bf060, 0x00000000283c1bb0,
0x0000000028a0b6b0, 0x0000000028a0d390, 0x0000000027424dc0, 0x0000000028a0c050,
0x0000000028a0bb80, 0x0000000028a0c9f0, 0x0000000028a0b1e0, 0x0000000028bb53c0
}

Java Threads: ( => current thread )
  0x000000001fc547a0 JavaThread "Reference Handler" daemon [_thread_blocked, id=2064, stack(0x00000000240b0000,0x00000000241b0000)]
  0x000000001fc55590 JavaThread "Finalizer" daemon [_thread_blocked, id=13068, stack(0x0000000024260000,0x0000000024360000)]
  0x000000001fc63c00 JavaThread "Signal Dispatcher" daemon [_thread_blocked, id=13300, stack(0x00000000243d0000,0x00000000244d0000)]
  0x000000001fc644b0 JavaThread "Attach Listener" daemon [_thread_blocked, id=8796, stack(0x00000000245d0000,0x00000000246d0000)]
  0x000000001fc64d60 JavaThread "Service Thread" daemon [_thread_blocked, id=12300, stack(0x0000000024750000,0x0000000024850000)]
  0x000000001fc65610 JavaThread "Monitor Deflation Thread" daemon [_thread_blocked, id=10444, stack(0x000000001fef0000,0x000000001fff0000)]
  0x000000001fc685f0 JavaThread "C2 CompilerThread0" daemon [_thread_blocked, id=10404, stack(0x0000000024930000,0x0000000024a30000)]
  0x000000001fc68ee0 JavaThread "C1 CompilerThread0" daemon [_thread_blocked, id=12344, stack(0x000000001f9b0000,0x000000001fab0000)]
  0x000000001fcd0960 JavaThread "Sweeper thread" daemon [_thread_blocked, id=11868, stack(0x0000000024b60000,0x0000000024c60000)]
  0x000000001fd64d90 JavaThread "Common-Cleaner" daemon [_thread_blocked, id=12908, stack(0x0000000024cf0000,0x0000000024df0000)]
  0x0000000025492210 JavaThread "Notification Thread" daemon [_thread_blocked, id=12844, stack(0x0000000025cf0000,0x0000000025df0000)]
  0x00000000283bfed0 JavaThread "mysql-cj-abandoned-connection-cleanup" daemon [_thread_blocked, id=11648, stack(0x0000000028e00000,0x0000000028f00000)]
  0x00000000283c16e0 JavaThread "Live Reload Server" daemon [_thread_in_native, id=12144, stack(0x000000002b7d0000,0x000000002b8d0000)]
  0x0000000028a0cec0 JavaThread "DestroyJavaVM" [_thread_blocked, id=11176, stack(0x00000000022b0000,0x00000000023b0000)]
  0x00000000283bf530 JavaThread "File Watcher" daemon [_thread_blocked, id=12496, stack(0x0000000027ae0000,0x0000000027be0000)]
  0x0000000028bb3bb0 JavaThread "Thread-7" [_thread_blocked, id=14000, stack(0x0000000026410000,0x0000000026510000)]
  0x00000000283c0d40 JavaThread "File Watcher" daemon [_thread_blocked, id=13444, stack(0x0000000025200000,0x0000000025300000)]
  0x00000000283c2a20 JavaThread "File Watcher" daemon [_thread_blocked, id=6940, stack(0x000000002a040000,0x000000002a140000)]
  0x00000000283bf060 JavaThread "File Watcher" daemon [_thread_blocked, id=7624, stack(0x0000000026590000,0x0000000026690000)]
  0x00000000283c1bb0 JavaThread "File Watcher" daemon [_thread_blocked, id=12596, stack(0x0000000029f20000,0x000000002a020000)]
  0x0000000028a0b6b0 JavaThread "File Watcher" daemon [_thread_blocked, id=4068, stack(0x000000002a3f0000,0x000000002a4f0000)]
  0x0000000028a0d390 JavaThread "restartedMain" [_thread_blocked, id=14316, stack(0x0000000028c40000,0x0000000028d40000)]
  0x0000000027424dc0 JavaThread "C2 CompilerThread1" daemon [_thread_blocked, id=13900, stack(0x000000002a260000,0x000000002a360000)]
  0x0000000028a0c050 JavaThread "Catalina-utility-1" [_thread_blocked, id=10724, stack(0x000000002a560000,0x000000002a660000)]
  0x0000000028a0bb80 JavaThread "Catalina-utility-2" [_thread_blocked, id=10984, stack(0x000000002ccc0000,0x000000002cdc0000)]
  0x0000000028a0c9f0 JavaThread "container-5" [_thread_blocked, id=12512, stack(0x000000002ce10000,0x000000002cf10000)]
  0x0000000028a0b1e0 JavaThread "HikariPool-8 housekeeper" daemon [_thread_blocked, id=13316, stack(0x000000002d090000,0x000000002d190000)]
  0x0000000028bb53c0 JavaThread "HikariPool-8 connection adder" daemon [_thread_blocked, id=6260, stack(0x000000002a140000,0x000000002a240000)]

Other Threads:
=>0x000000001cde4b00 VMThread "VM Thread" [stack: 0x000000001fdc0000,0x000000001fec0000] [id=9580]
  0x00000000251d7cd0 WatcherThread "VM Periodic Task Thread" [stack: 0x0000000025f40000,0x0000000026040000] [id=3320]
  0x00000000003c59b0 WorkerThread "GC Thread#0" [stack: 0x000000001cfb0000,0x000000001d0b0000] [id=9460]
  0x00000000256971c0 WorkerThread "GC Thread#1" [stack: 0x0000000024a50000,0x0000000024b50000] [id=13216]
  0x00000000259db110 WorkerThread "GC Thread#2" [stack: 0x0000000026090000,0x0000000026190000] [id=8308]
  0x0000000025612220 WorkerThread "GC Thread#3" [stack: 0x00000000262b0000,0x00000000263b0000] [id=12940]
  0x000000001cdd5f40 ConcurrentGCThread "G1 Main Marker" [stack: 0x000000001d1d0000,0x000000001d2d0000] [id=11672]
  0x000000001cdd6c60 WorkerThread "G1 Conc#0" [stack: 0x000000001d420000,0x000000001d520000] [id=13060]
  0x000000001ce13c80 ConcurrentGCThread "G1 Refine#0" [stack: 0x000000001f880000,0x000000001f980000] [id=10020]
  0x0000000025695a50 ConcurrentGCThread "G1 Refine#1" [stack: 0x000000001f770000,0x000000001f870000] [id=10976]
  0x0000000026c996c0 ConcurrentGCThread "G1 Refine#2" [stack: 0x00000000278e0000,0x00000000279e0000] [id=13240]
  0x000000001ce144a0 ConcurrentGCThread "G1 Service" [stack: 0x000000001fac0000,0x000000001fbc0000] [id=1936]

Threads with active compile tasks:
C2 CompilerThread0  78143896 11328       4       java.lang.Class::privateGetPublicMethods (224 bytes)
C2 CompilerThread1  78143896 11342       4       org.springframework.beans.factory.support.DefaultListableBeanFactory::findMergedAnnotationOnBean (153 bytes)

VM state: at safepoint (normal execution)

VM Mutex/Monitor currently owned by a thread:  ([mutex/lock_event])
[0x000000000036f6b0] Threads_lock - owner thread: 0x000000001cde4b00
[0x000000000036f740] Heap_lock - owner thread: 0x0000000028a0d390

Heap address: 0x00000000a1600000, size: 1514 MB, Compressed Oops mode: 32-bit

CDS archive(s) mapped at: [0x0000000800000000-0x0000000800ba0000-0x0000000800ba0000), size 12189696, SharedBaseAddress: 0x0000000800000000, ArchiveRelocationMode: 0.
Compressed class space mapped at: 0x0000000800c00000-0x0000000840c00000, reserved size: 1073741824
Narrow klass base: 0x0000000800000000, Narrow klass shift: 0, Narrow klass range: 0x100000000

GC Precious Log:
 CardTable entry size: 512
 Card Set container configuration: InlinePtr #cards 5 size 8 Array Of Cards #cards 12 size 40 Howl #buckets 4 coarsen threshold 1843 Howl Bitmap #cards 512 size 80 coarsen threshold 460 Card regions per heap region 1 cards per card region 2048
 CPUs: 4 total, 4 available
 Memory: 6051M
 Large Page Support: Disabled
 NUMA Support: Disabled
 Compressed Oops: Enabled (32-bit)
 Heap Region Size: 1M
 Heap Min Capacity: 8M
 Heap Initial Capacity: 96M
 Heap Max Capacity: 1514M
 Pre-touch: Disabled
 Parallel Workers: 4
 Concurrent Workers: 1
 Concurrent Refinement Workers: 4
 Periodic GC: Disabled

Heap:
 garbage-first heap   total 98304K, used 38369K [0x00000000a1600000, 0x0000000100000000)
  region size 1024K, 3 young (3072K), 3 survivors (3072K)
 Metaspace       used 71795K, committed 72384K, reserved 1114112K
  class space    used 9112K, committed 9408K, reserved 1048576K

Heap Regions: E=young(eden), S=young(survivor), O=old, HS=humongous(starts), HC=humongous(continues), CS=collection set, F=free, OA=open archive, CA=closed archive, TAMS=top-at-mark-start (previous, next)
|   0|0x00000000a1600000, 0x00000000a1700000, 0x00000000a1700000|100%|HS|  |TAMS 0x00000000a1700000, 0x00000000a1700000| Complete 
|   1|0x00000000a1700000, 0x00000000a1800000, 0x00000000a1800000|100%| O|  |TAMS 0x00000000a1800000, 0x00000000a1800000| Untracked 
|   2|0x00000000a1800000, 0x00000000a1900000, 0x00000000a1900000|100%| O|  |TAMS 0x00000000a1900000, 0x00000000a1900000| Untracked 
|   3|0x00000000a1900000, 0x00000000a19ffce0, 0x00000000a1a00000| 99%| O|  |TAMS 0x00000000a19ffce0, 0x00000000a19ffce0| Untracked 
|   4|0x00000000a1a00000, 0x00000000a1afffd0, 0x00000000a1b00000| 99%| O|  |TAMS 0x00000000a1afffd0, 0x00000000a1afffd0| Untracked 
|   5|0x00000000a1b00000, 0x00000000a1bffff8, 0x00000000a1c00000| 99%| O|  |TAMS 0x00000000a1bffff8, 0x00000000a1bffff8| Untracked 
|   6|0x00000000a1c00000, 0x00000000a1d00000, 0x00000000a1d00000|100%| O|  |TAMS 0x00000000a1d00000, 0x00000000a1d00000| Untracked 
|   7|0x00000000a1d00000, 0x00000000a1e00000, 0x00000000a1e00000|100%| O|  |TAMS 0x00000000a1e00000, 0x00000000a1e00000| Untracked 
|   8|0x00000000a1e00000, 0x00000000a1effff8, 0x00000000a1f00000| 99%| O|  |TAMS 0x00000000a1effff8, 0x00000000a1effff8| Untracked 
|   9|0x00000000a1f00000, 0x00000000a1ffffd0, 0x00000000a2000000| 99%| O|  |TAMS 0x00000000a1ffffd0, 0x00000000a1ffffd0| Untracked 
|  10|0x00000000a2000000, 0x00000000a20fc068, 0x00000000a2100000| 98%| O|  |TAMS 0x00000000a20fc068, 0x00000000a20fc068| Untracked 
|  11|0x00000000a2100000, 0x00000000a21fff88, 0x00000000a2200000| 99%| O|  |TAMS 0x00000000a21fff88, 0x00000000a21fff88| Untracked 
|  12|0x00000000a2200000, 0x00000000a2300000, 0x00000000a2300000|100%| O|  |TAMS 0x00000000a2300000, 0x00000000a2300000| Untracked 
|  13|0x00000000a2300000, 0x00000000a23fffc0, 0x00000000a2400000| 99%| O|  |TAMS 0x00000000a23fffc0, 0x00000000a23fffc0| Untracked 
|  14|0x00000000a2400000, 0x00000000a24fffc8, 0x00000000a2500000| 99%| O|  |TAMS 0x00000000a24fffc8, 0x00000000a24fffc8| Untracked 
|  15|0x00000000a2500000, 0x00000000a25ffff8, 0x00000000a2600000| 99%| O|  |TAMS 0x00000000a25ffff8, 0x00000000a25ffff8| Untracked 
|  16|0x00000000a2600000, 0x00000000a26fffd0, 0x00000000a2700000| 99%| O|  |TAMS 0x00000000a26fffd0, 0x00000000a26fffd0| Untracked 
|  17|0x00000000a2700000, 0x00000000a2800000, 0x00000000a2800000|100%| O|  |TAMS 0x00000000a2800000, 0x00000000a2800000| Untracked 
|  18|0x00000000a2800000, 0x00000000a28ffff0, 0x00000000a2900000| 99%| O|  |TAMS 0x00000000a28ffff0, 0x00000000a28ffff0| Untracked 
|  19|0x00000000a2900000, 0x00000000a29fff50, 0x00000000a2a00000| 99%| O|  |TAMS 0x00000000a29fff50, 0x00000000a29fff50| Untracked 
|  20|0x00000000a2a00000, 0x00000000a2affff8, 0x00000000a2b00000| 99%| O|  |TAMS 0x00000000a2affff8, 0x00000000a2affff8| Untracked 
|  21|0x00000000a2b00000, 0x00000000a2bffff0, 0x00000000a2c00000| 99%| O|  |TAMS 0x00000000a2bffff0, 0x00000000a2bffff0| Untracked 
|  22|0x00000000a2c00000, 0x00000000a2cfffe8, 0x00000000a2d00000| 99%| O|  |TAMS 0x00000000a2cfffe8, 0x00000000a2cfffe8| Untracked 
|  23|0x00000000a2d00000, 0x00000000a2dfffe0, 0x00000000a2e00000| 99%| O|  |TAMS 0x00000000a2dfffe0, 0x00000000a2dfffe0| Untracked 
|  24|0x00000000a2e00000, 0x00000000a2e00000, 0x00000000a2f00000|  0%| F|  |TAMS 0x00000000a2e00000, 0x00000000a2e00000| Untracked 
|  25|0x00000000a2f00000, 0x00000000a3000000, 0x00000000a3000000|100%| O|  |TAMS 0x00000000a2f00000, 0x00000000a3000000| Untracked 
|  26|0x00000000a3000000, 0x00000000a3100000, 0x00000000a3100000|100%| O|  |TAMS 0x00000000a3100000, 0x00000000a3100000| Untracked 
|  27|0x00000000a3100000, 0x00000000a3200000, 0x00000000a3200000|100%| O|  |TAMS 0x00000000a3200000, 0x00000000a3200000| Untracked 
|  28|0x00000000a3200000, 0x00000000a3300000, 0x00000000a3300000|100%| O|  |TAMS 0x00000000a3300000, 0x00000000a3300000| Untracked 
|  29|0x00000000a3300000, 0x00000000a3400000, 0x00000000a3400000|100%| O|  |TAMS 0x00000000a3400000, 0x00000000a3400000| Untracked 
|  30|0x00000000a3400000, 0x00000000a3500000, 0x00000000a3500000|100%| O|  |TAMS 0x00000000a3500000, 0x00000000a3500000| Untracked 
|  31|0x00000000a3500000, 0x00000000a3600000, 0x00000000a3600000|100%| O|  |TAMS 0x00000000a3600000, 0x00000000a3600000| Untracked 
|  32|0x00000000a3600000, 0x00000000a3700000, 0x00000000a3700000|100%| O|  |TAMS 0x00000000a3700000, 0x00000000a3700000| Untracked 
|  33|0x00000000a3700000, 0x00000000a3700000, 0x00000000a3800000|  0%| F|  |TAMS 0x00000000a3700000, 0x00000000a3700000| Untracked 
|  34|0x00000000a3800000, 0x00000000a3900000, 0x00000000a3900000|100%| O|  |TAMS 0x00000000a3900000, 0x00000000a3900000| Untracked 
|  35|0x00000000a3900000, 0x00000000a3a00000, 0x00000000a3a00000|100%| O|  |TAMS 0x00000000a3904a00, 0x00000000a3a00000| Untracked 
|  36|0x00000000a3a00000, 0x00000000a3b00000, 0x00000000a3b00000|100%| O|  |TAMS 0x00000000a3a00000, 0x00000000a3b00000| Untracked 
|  37|0x00000000a3b00000, 0x00000000a3b5ee00, 0x00000000a3c00000| 37%| O|  |TAMS 0x00000000a3b00000, 0x00000000a3b5ee00| Untracked 
|  38|0x00000000a3c00000, 0x00000000a3c00000, 0x00000000a3d00000|  0%| F|  |TAMS 0x00000000a3c00000, 0x00000000a3c00000| Untracked 
|  39|0x00000000a3d00000, 0x00000000a3d00000, 0x00000000a3e00000|  0%| F|  |TAMS 0x00000000a3d00000, 0x00000000a3d00000| Untracked 
|  40|0x00000000a3e00000, 0x00000000a3e00000, 0x00000000a3f00000|  0%| F|  |TAMS 0x00000000a3e00000, 0x00000000a3e00000| Untracked 
|  41|0x00000000a3f00000, 0x00000000a3f00000, 0x00000000a4000000|  0%| F|  |TAMS 0x00000000a3f00000, 0x00000000a3f00000| Untracked 
|  42|0x00000000a4000000, 0x00000000a4000000, 0x00000000a4100000|  0%| F|  |TAMS 0x00000000a4000000, 0x00000000a4000000| Untracked 
|  43|0x00000000a4100000, 0x00000000a4100000, 0x00000000a4200000|  0%| F|  |TAMS 0x00000000a4100000, 0x00000000a4100000| Untracked 
|  44|0x00000000a4200000, 0x00000000a4200000, 0x00000000a4300000|  0%| F|  |TAMS 0x00000000a4200000, 0x00000000a4200000| Untracked 
|  45|0x00000000a4300000, 0x00000000a4300000, 0x00000000a4400000|  0%| F|  |TAMS 0x00000000a4300000, 0x00000000a4300000| Untracked 
|  46|0x00000000a4400000, 0x00000000a441dcb8, 0x00000000a4500000| 11%| S|CS|TAMS 0x00000000a4400000, 0x00000000a4400000| Complete 
|  47|0x00000000a4500000, 0x00000000a4600000, 0x00000000a4600000|100%| S|CS|TAMS 0x00000000a4500000, 0x00000000a4500000| Complete 
|  48|0x00000000a4600000, 0x00000000a4700000, 0x00000000a4700000|100%| S|CS|TAMS 0x00000000a4600000, 0x00000000a4600000| Complete 
|  49|0x00000000a4700000, 0x00000000a4700000, 0x00000000a4800000|  0%| F|  |TAMS 0x00000000a4700000, 0x00000000a4700000| Untracked 
|  50|0x00000000a4800000, 0x00000000a4800000, 0x00000000a4900000|  0%| F|  |TAMS 0x00000000a4800000, 0x00000000a4800000| Untracked 
|  51|0x00000000a4900000, 0x00000000a4900000, 0x00000000a4a00000|  0%| F|  |TAMS 0x00000000a4900000, 0x00000000a4900000| Untracked 
|  52|0x00000000a4a00000, 0x00000000a4a00000, 0x00000000a4b00000|  0%| F|  |TAMS 0x00000000a4a00000, 0x00000000a4a00000| Untracked 
|  53|0x00000000a4b00000, 0x00000000a4b00000, 0x00000000a4c00000|  0%| F|  |TAMS 0x00000000a4b00000, 0x00000000a4b00000| Untracked 
|  54|0x00000000a4c00000, 0x00000000a4c00000, 0x00000000a4d00000|  0%| F|  |TAMS 0x00000000a4c00000, 0x00000000a4c00000| Untracked 
|  55|0x00000000a4d00000, 0x00000000a4d00000, 0x00000000a4e00000|  0%| F|  |TAMS 0x00000000a4d00000, 0x00000000a4d00000| Untracked 
|  56|0x00000000a4e00000, 0x00000000a4e00000, 0x00000000a4f00000|  0%| F|  |TAMS 0x00000000a4e00000, 0x00000000a4e00000| Untracked 
|  57|0x00000000a4f00000, 0x00000000a4f00000, 0x00000000a5000000|  0%| F|  |TAMS 0x00000000a4f00000, 0x00000000a4f00000| Untracked 
|  58|0x00000000a5000000, 0x00000000a5000000, 0x00000000a5100000|  0%| F|  |TAMS 0x00000000a5000000, 0x00000000a5000000| Untracked 
|  59|0x00000000a5100000, 0x00000000a5100000, 0x00000000a5200000|  0%| F|  |TAMS 0x00000000a5100000, 0x00000000a5100000| Untracked 
|  60|0x00000000a5200000, 0x00000000a5200000, 0x00000000a5300000|  0%| F|  |TAMS 0x00000000a5200000, 0x00000000a5200000| Untracked 
|  61|0x00000000a5300000, 0x00000000a5300000, 0x00000000a5400000|  0%| F|  |TAMS 0x00000000a5300000, 0x00000000a5300000| Untracked 
|  62|0x00000000a5400000, 0x00000000a5400000, 0x00000000a5500000|  0%| F|  |TAMS 0x00000000a5400000, 0x00000000a5400000| Untracked 
|  63|0x00000000a5500000, 0x00000000a5500000, 0x00000000a5600000|  0%| F|  |TAMS 0x00000000a5500000, 0x00000000a5500000| Untracked 
|  64|0x00000000a5600000, 0x00000000a5600000, 0x00000000a5700000|  0%| F|  |TAMS 0x00000000a5600000, 0x00000000a5600000| Untracked 
|  65|0x00000000a5700000, 0x00000000a5700000, 0x00000000a5800000|  0%| F|  |TAMS 0x00000000a5700000, 0x00000000a5700000| Untracked 
|  66|0x00000000a5800000, 0x00000000a5800000, 0x00000000a5900000|  0%| F|  |TAMS 0x00000000a5800000, 0x00000000a5800000| Untracked 
|  67|0x00000000a5900000, 0x00000000a5900000, 0x00000000a5a00000|  0%| F|  |TAMS 0x00000000a5900000, 0x00000000a5900000| Untracked 
|  68|0x00000000a5a00000, 0x00000000a5a00000, 0x00000000a5b00000|  0%| F|  |TAMS 0x00000000a5a00000, 0x00000000a5a00000| Untracked 
|  69|0x00000000a5b00000, 0x00000000a5b00000, 0x00000000a5c00000|  0%| F|  |TAMS 0x00000000a5b00000, 0x00000000a5b00000| Untracked 
|  70|0x00000000a5c00000, 0x00000000a5c00000, 0x00000000a5d00000|  0%| F|  |TAMS 0x00000000a5c00000, 0x00000000a5c00000| Untracked 
|  71|0x00000000a5d00000, 0x00000000a5d00000, 0x00000000a5e00000|  0%| F|  |TAMS 0x00000000a5d00000, 0x00000000a5d00000| Untracked 
|  72|0x00000000a5e00000, 0x00000000a5e00000, 0x00000000a5f00000|  0%| F|  |TAMS 0x00000000a5e00000, 0x00000000a5e00000| Untracked 
|  73|0x00000000a5f00000, 0x00000000a5f00000, 0x00000000a6000000|  0%| F|  |TAMS 0x00000000a5f00000, 0x00000000a5f00000| Untracked 
|  74|0x00000000a6000000, 0x00000000a6000000, 0x00000000a6100000|  0%| F|  |TAMS 0x00000000a6000000, 0x00000000a6000000| Untracked 
|  75|0x00000000a6100000, 0x00000000a6100000, 0x00000000a6200000|  0%| F|  |TAMS 0x00000000a6100000, 0x00000000a6100000| Untracked 
|  76|0x00000000a6200000, 0x00000000a6200000, 0x00000000a6300000|  0%| F|  |TAMS 0x00000000a6200000, 0x00000000a6200000| Untracked 
|  77|0x00000000a6300000, 0x00000000a6300000, 0x00000000a6400000|  0%| F|  |TAMS 0x00000000a6300000, 0x00000000a6300000| Untracked 
|  78|0x00000000a6400000, 0x00000000a6400000, 0x00000000a6500000|  0%| F|  |TAMS 0x00000000a6400000, 0x00000000a6400000| Untracked 
|  79|0x00000000a6500000, 0x00000000a6500000, 0x00000000a6600000|  0%| F|  |TAMS 0x00000000a6500000, 0x00000000a6500000| Untracked 
|  80|0x00000000a6600000, 0x00000000a6600000, 0x00000000a6700000|  0%| F|  |TAMS 0x00000000a6600000, 0x00000000a6600000| Untracked 
|  81|0x00000000a6700000, 0x00000000a6700000, 0x00000000a6800000|  0%| F|  |TAMS 0x00000000a6700000, 0x00000000a6700000| Untracked 
|  82|0x00000000a6800000, 0x00000000a6800000, 0x00000000a6900000|  0%| F|  |TAMS 0x00000000a6800000, 0x00000000a6800000| Untracked 
|  83|0x00000000a6900000, 0x00000000a6900000, 0x00000000a6a00000|  0%| F|  |TAMS 0x00000000a6900000, 0x00000000a6900000| Untracked 
|  84|0x00000000a6a00000, 0x00000000a6a00000, 0x00000000a6b00000|  0%| F|  |TAMS 0x00000000a6a00000, 0x00000000a6a00000| Untracked 
|  85|0x00000000a6b00000, 0x00000000a6b00000, 0x00000000a6c00000|  0%| F|  |TAMS 0x00000000a6b00000, 0x00000000a6b00000| Untracked 
|  86|0x00000000a6c00000, 0x00000000a6c00000, 0x00000000a6d00000|  0%| F|  |TAMS 0x00000000a6c00000, 0x00000000a6c00000| Untracked 
|  87|0x00000000a6d00000, 0x00000000a6d00000, 0x00000000a6e00000|  0%| F|  |TAMS 0x00000000a6d00000, 0x00000000a6d00000| Untracked 
|  88|0x00000000a6e00000, 0x00000000a6e00000, 0x00000000a6f00000|  0%| F|  |TAMS 0x00000000a6e00000, 0x00000000a6e00000| Untracked 
|  89|0x00000000a6f00000, 0x00000000a6f00000, 0x00000000a7000000|  0%| F|  |TAMS 0x00000000a6f00000, 0x00000000a6f00000| Untracked 
|  90|0x00000000a7000000, 0x00000000a7000000, 0x00000000a7100000|  0%| F|  |TAMS 0x00000000a7000000, 0x00000000a7000000| Untracked 
|  91|0x00000000a7100000, 0x00000000a7100000, 0x00000000a7200000|  0%| F|  |TAMS 0x00000000a7100000, 0x00000000a7100000| Untracked 
|  92|0x00000000a7200000, 0x00000000a7200000, 0x00000000a7300000|  0%| F|  |TAMS 0x00000000a7200000, 0x00000000a7200000| Untracked 
|  93|0x00000000a7300000, 0x00000000a7300000, 0x00000000a7400000|  0%| F|  |TAMS 0x00000000a7300000, 0x00000000a7300000| Untracked 
|  94|0x00000000a7400000, 0x00000000a7400000, 0x00000000a7500000|  0%| F|  |TAMS 0x00000000a7400000, 0x00000000a7400000| Untracked 
|  95|0x00000000a7500000, 0x00000000a7500000, 0x00000000a7600000|  0%| F|  |TAMS 0x00000000a7500000, 0x00000000a7500000| Untracked 

Card table byte_map: [0x0000000019870000,0x0000000019b70000] _byte_map_base: 0x0000000019365000

Marking Bits (Prev, Next): (CMBitMap*) 0x00000000003c7ec0, (CMBitMap*) 0x00000000003c7f00
 Prev Bits: [0x0000000019e70000, 0x000000001b618000)
 Next Bits: [0x000000001b620000, 0x000000001cdc8000)

Polling page: 0x0000000000230000

Metaspace:

Usage:
  Non-class:     61.21 MB used.
      Class:      8.90 MB used.
       Both:     70.11 MB used.

Virtual space:
  Non-class space:       64.00 MB reserved,      61.50 MB ( 96%) committed,  1 nodes.
      Class space:        1.00 GB reserved,       9.19 MB ( <1%) committed,  1 nodes.
             Both:        1.06 GB reserved,      70.69 MB (  6%) committed. 

Chunk freelists:
   Non-Class:  2.08 MB
       Class:  2.71 MB
        Both:  4.80 MB

MaxMetaspaceSize: unlimited
CompressedClassSpaceSize: 1.00 GB
Initial GC threshold: 21.00 MB
Current GC threshold: 116.88 MB
CDS: on
MetaspaceReclaimPolicy: balanced
 - commit_granule_bytes: 65536.
 - commit_granule_words: 8192.
 - virtual_space_node_default_size: 8388608.
 - enlarge_chunks_in_place: 1.
 - new_chunks_are_fully_committed: 0.
 - uncommit_free_chunks: 1.
 - use_allocation_guard: 0.


Internal statistics:

num_allocs_failed_limit: 9.
num_arena_births: 922.
num_arena_deaths: 354.
num_vsnodes_births: 2.
num_vsnodes_deaths: 0.
num_space_committed: 1131.
num_space_uncommitted: 0.
num_chunks_returned_to_freelist: 394.
num_chunks_taken_from_freelist: 3673.
num_chunk_merges: 84.
num_chunk_splits: 2419.
num_chunks_enlarged: 1906.
num_inconsistent_stats: 0.

CodeHeap 'non-profiled nmethods': size=120000Kb used=7110Kb max_used=7110Kb free=112889Kb
 bounds [0x0000000011c00000, 0x0000000012300000, 0x0000000019130000]
CodeHeap 'profiled nmethods': size=120000Kb used=20197Kb max_used=20197Kb free=99803Kb
 bounds [0x000000000a6d0000, 0x000000000ba90000, 0x0000000011c00000]
CodeHeap 'non-nmethods': size=5760Kb used=1369Kb max_used=1435Kb free=4390Kb
 bounds [0x000000000a130000, 0x000000000a3a0000, 0x000000000a6d0000]
 total_blobs=10300 nmethods=9605 adapters=606
 compilation: enabled
              stopped_count=0, restarted_count=0
 full_count=0

Compilation events (20 events):
Event: 78142.566 Thread 0x000000001fc68ee0 11334       3       org.springframework.core.annotation.AnnotatedElementUtils::hasAnnotation (38 bytes)
Event: 78142.569 Thread 0x000000001fc68ee0 nmethod 11334 0x000000000ba88010 code [0x000000000ba88280, 0x000000000ba88c28]
Event: 78142.571 Thread 0x0000000027424dc0 nmethod 11333 0x00000000122f0510 code [0x00000000122f06c0, 0x00000000122f0938]
Event: 78142.597 Thread 0x000000001fc68ee0 11335       1       org.springframework.beans.factory.support.GenericTypeAwareAutowireCandidateResolver::getBeanFactory (5 bytes)
Event: 78142.598 Thread 0x000000001fc68ee0 nmethod 11335 0x00000000122f0b90 code [0x00000000122f0d20, 0x00000000122f0df8]
Event: 78142.602 Thread 0x0000000027424dc0 11336       4       org.springframework.util.ObjectUtils::isEmpty (15 bytes)
Event: 78142.604 Thread 0x0000000027424dc0 nmethod 11336 0x00000000122f0e90 code [0x00000000122f1000, 0x00000000122f1078]
Event: 78142.609 Thread 0x000000001fc68ee0 11337       3       org.springframework.beans.factory.annotation.QualifierAnnotationAutowireCandidateResolver::isQualifier (52 bytes)
Event: 78142.612 Thread 0x000000001fc68ee0 nmethod 11337 0x000000000ba88f90 code [0x000000000ba891e0, 0x000000000ba89dd8]
Event: 78142.627 Thread 0x000000001fc68ee0 11338       3       org.springframework.util.Assert::notEmpty (17 bytes)
Event: 78142.628 Thread 0x000000001fc68ee0 nmethod 11338 0x000000000ba8a110 code [0x000000000ba8a2e0, 0x000000000ba8a678]
Event: 78142.642 Thread 0x0000000027424dc0 11339       4       java.util.HashMap::<init> (8 bytes)
Event: 78142.646 Thread 0x0000000027424dc0 nmethod 11339 0x00000000122f1190 code [0x00000000122f1300, 0x00000000122f13d8]
Event: 78142.646 Thread 0x0000000027424dc0 11340       4       org.springframework.util.LinkedMultiValueMap::<init> (12 bytes)
Event: 78142.647 Thread 0x000000001fc68ee0 11341   !   3       jdk.proxy2.$Proxy114::annotationType (29 bytes)
Event: 78142.648 Thread 0x000000001fc68ee0 nmethod 11341 0x000000000ba8a810 code [0x000000000ba8a9e0, 0x000000000ba8add8]
Event: 78142.655 Thread 0x0000000027424dc0 nmethod 11340 0x00000000122f1510 code [0x00000000122f16a0, 0x00000000122f1838]
Event: 78142.655 Thread 0x0000000027424dc0 11342       4       org.springframework.beans.factory.support.DefaultListableBeanFactory::findMergedAnnotationOnBean (153 bytes)
Event: 78142.662 Thread 0x000000001fc68ee0 11343       3       org.springframework.beans.factory.support.DefaultListableBeanFactory::lambda$isAutowireCandidate$1 (15 bytes)
Event: 78142.664 Thread 0x000000001fc68ee0 nmethod 11343 0x000000000ba8af90 code [0x000000000ba8b1a0, 0x000000000ba8b8a8]

GC Heap History (20 events):
Event: 77448.418 GC heap after
{Heap after GC invocations=156 (full 2):
 garbage-first heap   total 78848K, used 32307K [0x00000000a1600000, 0x0000000100000000)
  region size 1024K, 1 young (1024K), 1 survivors (1024K)
 Metaspace       used 71140K, committed 71744K, reserved 1114112K
  class space    used 9097K, committed 9408K, reserved 1048576K
}
Event: 77659.884 GC heap before
{Heap before GC invocations=156 (full 2):
 garbage-first heap   total 78848K, used 63027K [0x00000000a1600000, 0x0000000100000000)
  region size 1024K, 31 young (31744K), 1 survivors (1024K)
 Metaspace       used 71140K, committed 71744K, reserved 1114112K
  class space    used 9097K, committed 9408K, reserved 1048576K
}
Event: 77659.892 GC heap after
{Heap after GC invocations=157 (full 2):
 garbage-first heap   total 78848K, used 32062K [0x00000000a1600000, 0x0000000100000000)
  region size 1024K, 1 young (1024K), 1 survivors (1024K)
 Metaspace       used 71140K, committed 71744K, reserved 1114112K
  class space    used 9097K, committed 9408K, reserved 1048576K
}
Event: 77901.994 GC heap before
{Heap before GC invocations=158 (full 2):
 garbage-first heap   total 78848K, used 62782K [0x00000000a1600000, 0x0000000100000000)
  region size 1024K, 31 young (31744K), 1 survivors (1024K)
 Metaspace       used 71140K, committed 71744K, reserved 1114112K
  class space    used 9097K, committed 9408K, reserved 1048576K
}
Event: 77902.001 GC heap after
{Heap after GC invocations=159 (full 2):
 garbage-first heap   total 78848K, used 32020K [0x00000000a1600000, 0x0000000100000000)
  region size 1024K, 1 young (1024K), 1 survivors (1024K)
 Metaspace       used 71140K, committed 71744K, reserved 1114112K
  class space    used 9097K, committed 9408K, reserved 1048576K
}
Event: 77916.564 GC heap before
{Heap before GC invocations=159 (full 2):
 garbage-first heap   total 78848K, used 34068K [0x00000000a1600000, 0x0000000100000000)
  region size 1024K, 3 young (3072K), 1 survivors (1024K)
 Metaspace       used 71140K, committed 71744K, reserved 1114112K
  class space    used 9097K, committed 9408K, reserved 1048576K
}
Event: 77916.570 GC heap after
{Heap after GC invocations=160 (full 2):
 garbage-first heap   total 78848K, used 32018K [0x00000000a1600000, 0x0000000100000000)
  region size 1024K, 1 young (1024K), 1 survivors (1024K)
 Metaspace       used 71140K, committed 71744K, reserved 1114112K
  class space    used 9097K, committed 9408K, reserved 1048576K
}
Event: 78125.078 GC heap before
{Heap before GC invocations=160 (full 2):
 garbage-first heap   total 78848K, used 64786K [0x00000000a1600000, 0x0000000100000000)
  region size 1024K, 33 young (33792K), 1 survivors (1024K)
 Metaspace       used 71173K, committed 71808K, reserved 1114112K
  class space    used 9098K, committed 9408K, reserved 1048576K
}
Event: 78125.087 GC heap after
{Heap after GC invocations=161 (full 2):
 garbage-first heap   total 78848K, used 32821K [0x00000000a1600000, 0x0000000100000000)
  region size 1024K, 1 young (1024K), 1 survivors (1024K)
 Metaspace       used 71173K, committed 71808K, reserved 1114112K
  class space    used 9098K, committed 9408K, reserved 1048576K
}
Event: 78127.412 GC heap before
{Heap before GC invocations=162 (full 2):
 garbage-first heap   total 78848K, used 65589K [0x00000000a1600000, 0x0000000100000000)
  region size 1024K, 33 young (33792K), 1 survivors (1024K)
 Metaspace       used 71188K, committed 71808K, reserved 1114112K
  class space    used 9080K, committed 9408K, reserved 1048576K
}
Event: 78127.458 GC heap after
{Heap after GC invocations=163 (full 2):
 garbage-first heap   total 78848K, used 34862K [0x00000000a1600000, 0x0000000100000000)
  region size 1024K, 3 young (3072K), 3 survivors (3072K)
 Metaspace       used 71188K, committed 71808K, reserved 1114112K
  class space    used 9080K, committed 9408K, reserved 1048576K
}
Event: 78127.517 GC heap before
{Heap before GC invocations=163 (full 2):
 garbage-first heap   total 78848K, used 35886K [0x00000000a1600000, 0x0000000100000000)
  region size 1024K, 4 young (4096K), 3 survivors (3072K)
 Metaspace       used 71194K, committed 71808K, reserved 1114112K
  class space    used 9080K, committed 9408K, reserved 1048576K
}
Event: 78127.594 GC heap after
{Heap after GC invocations=164 (full 2):
 garbage-first heap   total 78848K, used 35286K [0x00000000a1600000, 0x0000000100000000)
  region size 1024K, 1 young (1024K), 1 survivors (1024K)
 Metaspace       used 71194K, committed 71808K, reserved 1114112K
  class space    used 9080K, committed 9408K, reserved 1048576K
}
Event: 78138.715 GC heap before
{Heap before GC invocations=164 (full 2):
 garbage-first heap   total 78848K, used 62934K [0x00000000a1600000, 0x0000000100000000)
  region size 1024K, 29 young (29696K), 1 survivors (1024K)
 Metaspace       used 71321K, committed 71936K, reserved 1114112K
  class space    used 9090K, committed 9408K, reserved 1048576K
}
Event: 78138.726 GC heap after
{Heap after GC invocations=165 (full 2):
 garbage-first heap   total 78848K, used 36653K [0x00000000a1600000, 0x0000000100000000)
  region size 1024K, 2 young (2048K), 2 survivors (2048K)
 Metaspace       used 71321K, committed 71936K, reserved 1114112K
  class space    used 9090K, committed 9408K, reserved 1048576K
}
Event: 78140.963 GC heap before
{Heap before GC invocations=166 (full 2):
 garbage-first heap   total 78848K, used 64301K [0x00000000a1600000, 0x0000000100000000)
  region size 1024K, 29 young (29696K), 2 survivors (2048K)
 Metaspace       used 71484K, committed 72064K, reserved 1114112K
  class space    used 9097K, committed 9408K, reserved 1048576K
}
Event: 78140.986 GC heap after
{Heap after GC invocations=167 (full 2):
 garbage-first heap   total 78848K, used 38397K [0x00000000a1600000, 0x0000000100000000)
  region size 1024K, 4 young (4096K), 4 survivors (4096K)
 Metaspace       used 71484K, committed 72064K, reserved 1114112K
  class space    used 9097K, committed 9408K, reserved 1048576K
}
Event: 78141.094 GC heap before
{Heap before GC invocations=167 (full 2):
 garbage-first heap   total 78848K, used 39421K [0x00000000a1600000, 0x0000000100000000)
  region size 1024K, 5 young (5120K), 4 survivors (4096K)
 Metaspace       used 71489K, committed 72064K, reserved 1114112K
  class space    used 9097K, committed 9408K, reserved 1048576K
}
Event: 78141.118 GC heap after
{Heap after GC invocations=168 (full 2):
 garbage-first heap   total 78848K, used 36793K [0x00000000a1600000, 0x0000000100000000)
  region size 1024K, 1 young (1024K), 1 survivors (1024K)
 Metaspace       used 71489K, committed 72064K, reserved 1114112K
  class space    used 9097K, committed 9408K, reserved 1048576K
}
Event: 78142.671 GC heap before
{Heap before GC invocations=168 (full 2):
 garbage-first heap   total 78848K, used 63417K [0x00000000a1600000, 0x0000000100000000)
  region size 1024K, 28 young (28672K), 1 survivors (1024K)
 Metaspace       used 71795K, committed 72384K, reserved 1114112K
  class space    used 9112K, committed 9408K, reserved 1048576K
}

Deoptimization events (20 events):
Event: 77336.409 Thread 0x00000000283c1bb0 DEOPT PACKING pc=0x0000000012052ba8 sp=0x0000000029fce7d0
Event: 77336.409 Thread 0x00000000283c1bb0 DEOPT UNPACKING pc=0x000000000a1823a3 sp=0x0000000029fce6a8 mode 2
Event: 78125.540 Thread 0x0000000028a0b6b0 Uncommon trap: trap_request=0xffffff45 fr.pc=0x0000000011e68fb8 relative=0x00000000000017f8
Event: 78125.541 Thread 0x0000000028a0b6b0 Uncommon trap: reason=unstable_if action=reinterpret pc=0x0000000011e68fb8 method=org.springframework.util.ConcurrentReferenceHashMap$Segment.restructure(ZLorg/springframework/util/ConcurrentReferenceHashMap$Reference;)V @ 78 c2
Event: 78125.541 Thread 0x0000000028a0b6b0 DEOPT PACKING pc=0x0000000011e68fb8 sp=0x000000002628ded0
Event: 78125.541 Thread 0x0000000028a0b6b0 DEOPT UNPACKING pc=0x000000000a1823a3 sp=0x000000002628dea0 mode 2
Event: 78127.623 Thread 0x0000000028a0b6b0 Uncommon trap: trap_request=0xfffffff4 fr.pc=0x0000000011cfed00 relative=0x0000000000000360
Event: 78127.624 Thread 0x0000000028a0b6b0 Uncommon trap: reason=null_check action=make_not_entrant pc=0x0000000011cfed00 method=java.lang.invoke.MethodType.equals(Ljava/lang/Object;)Z @ 39 c2
Event: 78127.624 Thread 0x0000000028a0b6b0 DEOPT PACKING pc=0x0000000011cfed00 sp=0x000000002628cd70
Event: 78127.624 Thread 0x0000000028a0b6b0 DEOPT UNPACKING pc=0x000000000a1823a3 sp=0x000000002628cd28 mode 2
Event: 78127.624 Thread 0x0000000028a0b6b0 Uncommon trap: trap_request=0xffffff45 fr.pc=0x000000001209a2b0 relative=0x0000000000001170
Event: 78127.624 Thread 0x0000000028a0b6b0 Uncommon trap: reason=unstable_if action=reinterpret pc=0x000000001209a2b0 method=java.util.concurrent.ConcurrentHashMap.putVal(Ljava/lang/Object;Ljava/lang/Object;Z)Ljava/lang/Object; @ 162 c2
Event: 78127.624 Thread 0x0000000028a0b6b0 DEOPT PACKING pc=0x000000001209a2b0 sp=0x000000002628cd20
Event: 78127.624 Thread 0x0000000028a0b6b0 DEOPT UNPACKING pc=0x000000000a1823a3 sp=0x000000002628cca8 mode 2
Event: 78128.062 Thread 0x0000000028a0b1e0 DEOPT PACKING pc=0x000000000b37efcd sp=0x000000002bf3dfd0
Event: 78128.062 Thread 0x0000000028a0b1e0 DEOPT UNPACKING pc=0x000000000a182b43 sp=0x000000002bf3d438 mode 0
Event: 78138.066 Thread 0x0000000028a0d390 Uncommon trap: trap_request=0xffffff5c fr.pc=0x00000000122943a4 relative=0x0000000000007a64
Event: 78138.066 Thread 0x0000000028a0d390 Uncommon trap: reason=speculate_null_check action=make_not_entrant pc=0x00000000122943a4 method=java.net.URLClassLoader.findResource(Ljava/lang/String;)Ljava/net/URL; @ 21 c2
Event: 78138.066 Thread 0x0000000028a0d390 DEOPT PACKING pc=0x00000000122943a4 sp=0x0000000028d3e500
Event: 78138.066 Thread 0x0000000028a0d390 DEOPT UNPACKING pc=0x000000000a1823a3 sp=0x0000000028d3e020 mode 2

Classes loaded (20 events):
Event: 76483.473 Loading class java/lang/ObjectCustomizer
Event: 76483.473 Loading class java/lang/ObjectCustomizer done
Event: 76483.473 Loading class java/lang/ObjectCustomizer
Event: 76483.473 Loading class java/lang/ObjectCustomizer done
Event: 76484.073 Loading class java/time/DurationEditor
Event: 76484.073 Loading class java/time/DurationEditor done
Event: 77004.954 Loading class java/lang/ObjectCustomizer
Event: 77004.954 Loading class java/lang/ObjectCustomizer done
Event: 77004.955 Loading class java/lang/ObjectCustomizer
Event: 77004.955 Loading class java/lang/ObjectCustomizer done
Event: 78141.780 Loading class java/lang/ObjectCustomizer
Event: 78141.780 Loading class java/lang/ObjectCustomizer done
Event: 78141.780 Loading class java/lang/ObjectCustomizer
Event: 78141.780 Loading class java/lang/ObjectCustomizer done
Event: 78141.962 Loading class java/lang/ObjectCustomizer
Event: 78141.962 Loading class java/lang/ObjectCustomizer done
Event: 78141.962 Loading class java/lang/ObjectCustomizer
Event: 78141.962 Loading class java/lang/ObjectCustomizer done
Event: 78142.292 Loading class java/time/DurationEditor
Event: 78142.292 Loading class java/time/DurationEditor done

Classes unloaded (20 events):
Event: 78125.436 Thread 0x000000001cde4b00 Unloading class 0x000000080151bc00 'java/lang/invoke/LambdaForm$BMH+0x000000080151bc00'
Event: 78125.436 Thread 0x000000001cde4b00 Unloading class 0x000000080151b000 'java/lang/invoke/LambdaForm$MH+0x000000080151b000'
Event: 78125.436 Thread 0x000000001cde4b00 Unloading class 0x000000080151a800 'java/lang/invoke/LambdaForm$MH+0x000000080151a800'
Event: 78125.436 Thread 0x000000001cde4b00 Unloading class 0x000000080151a400 'java/lang/invoke/LambdaForm$MH+0x000000080151a400'
Event: 78125.436 Thread 0x000000001cde4b00 Unloading class 0x0000000801519c00 'java/lang/invoke/LambdaForm$MH+0x0000000801519c00'
Event: 78125.436 Thread 0x000000001cde4b00 Unloading class 0x0000000801519800 'java/lang/invoke/LambdaForm$MH+0x0000000801519800'
Event: 78125.436 Thread 0x000000001cde4b00 Unloading class 0x0000000801519000 'java/lang/invoke/LambdaForm$MH+0x0000000801519000'
Event: 78125.437 Thread 0x000000001cde4b00 Unloading class 0x0000000801518c00 'java/lang/invoke/LambdaForm$MH+0x0000000801518c00'
Event: 78125.437 Thread 0x000000001cde4b00 Unloading class 0x0000000801518800 'java/lang/invoke/LambdaForm$BMH+0x0000000801518800'
Event: 78125.437 Thread 0x000000001cde4b00 Unloading class 0x0000000801517000 'java/lang/invoke/LambdaForm$MH+0x0000000801517000'
Event: 78125.437 Thread 0x000000001cde4b00 Unloading class 0x0000000801516800 'java/lang/invoke/LambdaForm$MH+0x0000000801516800'
Event: 78125.437 Thread 0x000000001cde4b00 Unloading class 0x0000000801516000 'java/lang/invoke/LambdaForm$MH+0x0000000801516000'
Event: 78125.437 Thread 0x000000001cde4b00 Unloading class 0x0000000801515c00 'java/lang/invoke/LambdaForm$MH+0x0000000801515c00'
Event: 78125.437 Thread 0x000000001cde4b00 Unloading class 0x0000000801515800 'java/lang/invoke/LambdaForm$MH+0x0000000801515800'
Event: 78125.437 Thread 0x000000001cde4b00 Unloading class 0x0000000800f95000 'java/lang/invoke/LambdaForm$MH+0x0000000800f95000'
Event: 78125.437 Thread 0x000000001cde4b00 Unloading class 0x0000000800fa8000 'java/lang/invoke/LambdaForm$MH+0x0000000800fa8000'
Event: 78125.437 Thread 0x000000001cde4b00 Unloading class 0x0000000800fa9000 'java/lang/invoke/LambdaForm$MH+0x0000000800fa9000'
Event: 78125.437 Thread 0x000000001cde4b00 Unloading class 0x0000000800ff8800 'java/lang/invoke/LambdaForm$MH+0x0000000800ff8800'
Event: 78125.437 Thread 0x000000001cde4b00 Unloading class 0x0000000800ffa000 'com/picturethis/PictureThisApplication'
Event: 78139.208 Thread 0x000000001cde4b00 Unloading class 0x0000000801541c00 'org/apache/catalina/loader/JdbcLeakPrevention'

Classes redefined (0 events):
No events

Internal exceptions (20 events):
Event: 78140.379 Thread 0x0000000028a0d390 Exception <a 'java/io/IOException'{0x00000000a51e7448}> (0x00000000a51e7448) 
thrown [s\open\src\hotspot\share\prims\jni.cpp, line 516]
Event: 78140.503 Thread 0x0000000028a0d390 Exception <a 'java/io/IOException'{0x00000000a4f22cb8}> (0x00000000a4f22cb8) 
thrown [s\open\src\hotspot\share\prims\jni.cpp, line 516]
Event: 78140.503 Thread 0x0000000028a0d390 Exception <a 'java/io/IOException'{0x00000000a4f23270}> (0x00000000a4f23270) 
thrown [s\open\src\hotspot\share\prims\jni.cpp, line 516]
Event: 78140.504 Thread 0x0000000028a0d390 Exception <a 'java/io/IOException'{0x00000000a4f24d78}> (0x00000000a4f24d78) 
thrown [s\open\src\hotspot\share\prims\jni.cpp, line 516]
Event: 78140.504 Thread 0x0000000028a0d390 Exception <a 'java/io/IOException'{0x00000000a4f255d8}> (0x00000000a4f255d8) 
thrown [s\open\src\hotspot\share\prims\jni.cpp, line 516]
Event: 78141.332 Thread 0x0000000028a0d390 Exception <a 'java/io/IOException'{0x00000000a6d369a8}> (0x00000000a6d369a8) 
thrown [s\open\src\hotspot\share\prims\jni.cpp, line 516]
Event: 78141.332 Thread 0x0000000028a0d390 Exception <a 'java/io/IOException'{0x00000000a6d36f60}> (0x00000000a6d36f60) 
thrown [s\open\src\hotspot\share\prims\jni.cpp, line 516]
Event: 78141.333 Thread 0x0000000028a0d390 Exception <a 'java/io/IOException'{0x00000000a6d391f0}> (0x00000000a6d391f0) 
thrown [s\open\src\hotspot\share\prims\jni.cpp, line 516]
Event: 78141.333 Thread 0x0000000028a0d390 Exception <a 'java/io/IOException'{0x00000000a6d397a8}> (0x00000000a6d397a8) 
thrown [s\open\src\hotspot\share\prims\jni.cpp, line 516]
Event: 78141.780 Thread 0x0000000028a0d390 Exception <a 'java/lang/ClassNotFoundException'{0x00000000a5a52e88}: java/lang/ObjectCustomizer> (0x00000000a5a52e88) 
thrown [s\open\src\hotspot\share\classfile\systemDictionary.cpp, line 255]
Event: 78141.784 Thread 0x0000000028a0d390 Exception <a 'java/lang/ClassNotFoundException'{0x00000000a5a5b770}: com/picturethis/entity/UserCustomizer> (0x00000000a5a5b770) 
thrown [s\open\src\hotspot\share\classfile\systemDictionary.cpp, line 255]
Event: 78141.963 Thread 0x0000000028a0d390 Exception <a 'java/lang/ClassNotFoundException'{0x00000000a5305428}: java/lang/ObjectCustomizer> (0x00000000a5305428) 
thrown [s\open\src\hotspot\share\classfile\systemDictionary.cpp, line 255]
Event: 78141.965 Thread 0x0000000028a0d390 Exception <a 'java/lang/ClassNotFoundException'{0x00000000a530e260}: com/picturethis/entity/ImageCustomizer> (0x00000000a530e260) 
thrown [s\open\src\hotspot\share\classfile\systemDictionary.cpp, line 255]
Event: 78142.172 Thread 0x0000000028a0d390 Exception <a 'java/io/IOException'{0x00000000a4f8c068}> (0x00000000a4f8c068) 
thrown [s\open\src\hotspot\share\prims\jni.cpp, line 516]
Event: 78142.172 Thread 0x0000000028a0d390 Exception <a 'java/io/IOException'{0x00000000a4f8cb70}> (0x00000000a4f8cb70) 
thrown [s\open\src\hotspot\share\prims\jni.cpp, line 516]
Event: 78142.214 Thread 0x0000000028a0d390 Exception <a 'java/io/IOException'{0x00000000a4e74640}> (0x00000000a4e74640) 
thrown [s\open\src\hotspot\share\prims\jni.cpp, line 516]
Event: 78142.214 Thread 0x0000000028a0d390 Exception <a 'java/io/IOException'{0x00000000a4e74ea0}> (0x00000000a4e74ea0) 
thrown [s\open\src\hotspot\share\prims\jni.cpp, line 516]
Event: 78142.298 Thread 0x0000000028a0d390 Exception <a 'java/lang/NoSuchMethodError'{0x00000000a4d87210}: 'void java.lang.invoke.DelegatingMethodHandle$Holder.reinvoke_L(java.lang.Object, java.lang.Object, int)'> (0x00000000a4d87210) 
thrown [s\open\src\hotspot\share\interpreter\linkResolver.cpp, line 759]
Event: 78142.350 Thread 0x0000000028a0d390 Exception <a 'java/io/IOException'{0x00000000a4dfb3e8}> (0x00000000a4dfb3e8) 
thrown [s\open\src\hotspot\share\prims\jni.cpp, line 516]
Event: 78142.350 Thread 0x0000000028a0d390 Exception <a 'java/io/IOException'{0x00000000a4dfbc48}> (0x00000000a4dfbc48) 
thrown [s\open\src\hotspot\share\prims\jni.cpp, line 516]

VM Operations (20 events):
Event: 78125.792 Executing VM operation: G1Concurrent done
Event: 78127.412 Executing VM operation: G1CollectForAllocation
Event: 78127.459 Executing VM operation: G1CollectForAllocation done
Event: 78127.517 Executing VM operation: G1CollectForAllocation
Event: 78127.736 Executing VM operation: G1CollectForAllocation done
Event: 78129.735 Executing VM operation: Cleanup
Event: 78129.736 Executing VM operation: Cleanup done
Event: 78138.715 Executing VM operation: G1CollectForAllocation
Event: 78138.740 Executing VM operation: G1CollectForAllocation done
Event: 78139.165 Executing VM operation: G1Concurrent
Event: 78139.348 Executing VM operation: G1Concurrent done
Event: 78139.566 Executing VM operation: G1Concurrent
Event: 78139.568 Executing VM operation: G1Concurrent done
Event: 78140.568 Executing VM operation: Cleanup
Event: 78140.569 Executing VM operation: Cleanup done
Event: 78140.957 Executing VM operation: G1CollectForAllocation
Event: 78141.009 Executing VM operation: G1CollectForAllocation done
Event: 78141.087 Executing VM operation: G1CollectForAllocation
Event: 78141.124 Executing VM operation: G1CollectForAllocation done
Event: 78142.671 Executing VM operation: G1CollectForAllocation

Events (20 events):
Event: 78127.492 Thread 0x0000000027424dc0 Thread added: 0x0000000027424dc0
Event: 78128.170 Thread 0x0000000028bb53c0 Thread added: 0x0000000028bb53c0
Event: 78128.174 Thread 0x0000000028a0b1e0 Thread exited: 0x0000000028a0b1e0
Event: 78128.179 Thread 0x0000000028a0c9f0 Thread exited: 0x0000000028a0c9f0
Event: 78128.189 Thread 0x0000000028bb53c0 Thread exited: 0x0000000028bb53c0
Event: 78128.213 Thread 0x0000000028a0bb80 Thread exited: 0x0000000028a0bb80
Event: 78128.226 Thread 0x0000000028a0c050 Thread exited: 0x0000000028a0c050
Event: 78128.227 Thread 0x0000000028a0d390 Thread exited: 0x0000000028a0d390
Event: 78128.251 Thread 0x0000000028a0b6b0 Thread exited: 0x0000000028a0b6b0
Event: 78128.253 Thread 0x0000000028a0b6b0 Thread added: 0x0000000028a0b6b0
Event: 78133.530 Thread 0x0000000027424dc0 Thread exited: 0x0000000027424dc0
Event: 78137.752 Thread 0x0000000028a0d390 Thread added: 0x0000000028a0d390
Event: 78138.110 Thread 0x0000000028a0c050 Thread added: 0x0000000028a0c050
Event: 78138.174 Thread 0x0000000028a0c050 Thread exited: 0x0000000028a0c050
Event: 78138.626 Thread 0x0000000027424dc0 Thread added: 0x0000000027424dc0
Event: 78140.264 Thread 0x0000000028a0c050 Thread added: 0x0000000028a0c050
Event: 78140.265 Thread 0x0000000028a0bb80 Thread added: 0x0000000028a0bb80
Event: 78140.266 Thread 0x0000000028a0c9f0 Thread added: 0x0000000028a0c9f0
Event: 78140.502 Thread 0x0000000028a0b1e0 Thread added: 0x0000000028a0b1e0
Event: 78140.608 Thread 0x0000000028bb53c0 Thread added: 0x0000000028bb53c0


Dynamic libraries:
0x000000013fdb0000 - 0x000000013fdc0000 	C:\Program Files\Java\jdk-18.0.2.1\bin\java.exe
0x0000000077810000 - 0x00000000779af000 	C:\Windows\SYSTEM32\ntdll.dll
0x00000000775f0000 - 0x000000007770f000 	C:\Windows\system32\kernel32.dll
0x000007fefd610000 - 0x000007fefd677000 	C:\Windows\system32\KERNELBASE.dll
0x000007fece5b0000 - 0x000007fece5c8000 	C:\Program Files\Java\jdk-18.0.2.1\bin\jli.dll
0x000007feff650000 - 0x000007feff72b000 	C:\Windows\system32\ADVAPI32.dll
0x000007fefdae0000 - 0x000007fefdb7f000 	C:\Windows\system32\msvcrt.dll
0x000007fefdac0000 - 0x000007fefdadf000 	C:\Windows\SYSTEM32\sechost.dll
0x000007fefeeb0000 - 0x000007fefefdc000 	C:\Windows\system32\RPCRT4.dll
0x000007fefbdb0000 - 0x000007fefbfa5000 	C:\Windows\WinSxS\amd64_microsoft.windows.common-controls_6595b64144ccf1df_6.0.7601.24483_none_e372d88f30fbb845\COMCTL32.dll
0x000007fefee40000 - 0x000007fefeea7000 	C:\Windows\system32\GDI32.dll
0x0000000077710000 - 0x000000007780a000 	C:\Windows\system32\USER32.dll
0x000007feff560000 - 0x000007feff56e000 	C:\Windows\system32\LPK.dll
0x000007feff490000 - 0x000007feff55b000 	C:\Windows\system32\USP10.dll
0x000007feffa80000 - 0x000007feffaf1000 	C:\Windows\system32\SHLWAPI.dll
0x000007fefc440000 - 0x000007fefc44c000 	C:\Windows\system32\VERSION.dll
0x000007fece5d0000 - 0x000007fece5ea000 	C:\Program Files\Java\jdk-18.0.2.1\bin\VCRUNTIME140.dll
0x000007fece5a0000 - 0x000007fece5a4000 	C:\Program Files\Java\jdk-18.0.2.1\bin\api-ms-win-crt-runtime-l1-1-0.dll
0x000007feac710000 - 0x000007feac80a000 	C:\Program Files\Java\jdk-18.0.2.1\bin\ucrtbase.DLL
0x000007fecf040000 - 0x000007fecf043000 	C:\Program Files\Java\jdk-18.0.2.1\bin\api-ms-win-core-localization-l1-2-0.dll
0x000007feaecb0000 - 0x000007feaecb3000 	C:\Program Files\Java\jdk-18.0.2.1\bin\api-ms-win-core-processthreads-l1-1-1.dll
0x000007feaecc0000 - 0x000007feaecc3000 	C:\Program Files\Java\jdk-18.0.2.1\bin\api-ms-win-core-file-l1-2-0.dll
0x000007feaea80000 - 0x000007feaea83000 	C:\Program Files\Java\jdk-18.0.2.1\bin\api-ms-win-core-timezone-l1-1-0.dll
0x000007feaea90000 - 0x000007feaea93000 	C:\Program Files\Java\jdk-18.0.2.1\bin\api-ms-win-core-file-l2-1-0.dll
0x000007feae9f0000 - 0x000007feae9f3000 	C:\Program Files\Java\jdk-18.0.2.1\bin\api-ms-win-core-synch-l1-2-0.dll
0x000007feaea00000 - 0x000007feaea03000 	C:\Program Files\Java\jdk-18.0.2.1\bin\api-ms-win-crt-heap-l1-1-0.dll
0x000007fead760000 - 0x000007fead764000 	C:\Program Files\Java\jdk-18.0.2.1\bin\api-ms-win-crt-string-l1-1-0.dll
0x000007feae9e0000 - 0x000007feae9e4000 	C:\Program Files\Java\jdk-18.0.2.1\bin\api-ms-win-crt-stdio-l1-1-0.dll
0x000007fead740000 - 0x000007fead744000 	C:\Program Files\Java\jdk-18.0.2.1\bin\api-ms-win-crt-convert-l1-1-0.dll
0x000007fead750000 - 0x000007fead753000 	C:\Program Files\Java\jdk-18.0.2.1\bin\api-ms-win-crt-environment-l1-1-0.dll
0x000007fead720000 - 0x000007fead723000 	C:\Program Files\Java\jdk-18.0.2.1\bin\api-ms-win-crt-filesystem-l1-1-0.dll
0x000007fead730000 - 0x000007fead735000 	C:\Program Files\Java\jdk-18.0.2.1\bin\api-ms-win-crt-math-l1-1-0.dll
0x000007fead700000 - 0x000007fead703000 	C:\Program Files\Java\jdk-18.0.2.1\bin\api-ms-win-crt-locale-l1-1-0.dll
0x000007feff9b0000 - 0x000007feff9de000 	C:\Windows\system32\IMM32.DLL
0x000007feff780000 - 0x000007feff88b000 	C:\Windows\system32\MSCTF.dll
0x000007fead710000 - 0x000007fead71c000 	C:\Program Files\Java\jdk-18.0.2.1\bin\vcruntime140_1.dll
0x000007feac880000 - 0x000007feac90d000 	C:\Program Files\Java\jdk-18.0.2.1\bin\msvcp140.dll
0x000007feac870000 - 0x000007feac873000 	C:\Program Files\Java\jdk-18.0.2.1\bin\api-ms-win-crt-time-l1-1-0.dll
0x000007fead1c0000 - 0x000007fead1c3000 	C:\Program Files\Java\jdk-18.0.2.1\bin\api-ms-win-crt-utility-l1-1-0.dll
0x000007feabaf0000 - 0x000007feac701000 	C:\Program Files\Java\jdk-18.0.2.1\bin\server\jvm.dll
0x000007fef9330000 - 0x000007fef9339000 	C:\Windows\system32\WSOCK32.dll
0x000007feff730000 - 0x000007feff77d000 	C:\Windows\system32\WS2_32.dll
0x000007fefd8b0000 - 0x000007fefd8b8000 	C:\Windows\system32\NSI.dll
0x000007fefb630000 - 0x000007fefb66b000 	C:\Windows\system32\WINMM.dll
0x00000000779c0000 - 0x00000000779c7000 	C:\Windows\system32\PSAPI.DLL
0x000007feac860000 - 0x000007feac86a000 	C:\Program Files\Java\jdk-18.0.2.1\bin\jimage.dll
0x000007fee3ef0000 - 0x000007fee4015000 	C:\Windows\system32\DBGHELP.DLL
0x000007fefb220000 - 0x000007fefb22e000 	C:\Program Files\Java\jdk-18.0.2.1\bin\instrument.dll
0x000007feac830000 - 0x000007feac855000 	C:\Program Files\Java\jdk-18.0.2.1\bin\java.dll
0x000007feaba10000 - 0x000007feabae6000 	C:\Program Files\Java\jdk-18.0.2.1\bin\jsvml.dll
0x000007fefdba0000 - 0x000007fefe92b000 	C:\Windows\system32\SHELL32.dll
0x000007fefd8c0000 - 0x000007fefdabf000 	C:\Windows\system32\ole32.dll
0x000007fefd370000 - 0x000007fefd37f000 	C:\Windows\system32\profapi.dll
0x000007feab9f0000 - 0x000007feaba08000 	C:\Program Files\Java\jdk-18.0.2.1\bin\zip.dll
0x000007fece630000 - 0x000007fece643000 	C:\Program Files\Java\jdk-18.0.2.1\bin\net.dll
0x000007fefb3b0000 - 0x000007fefb421000 	C:\Windows\system32\WINHTTP.dll
0x000007fefb340000 - 0x000007fefb3a5000 	C:\Windows\system32\webio.dll
0x000007fefcaa0000 - 0x000007fefcaf5000 	C:\Windows\system32\mswsock.dll
0x000007fefca90000 - 0x000007fefca97000 	C:\Windows\System32\wship6.dll
0x000007feac810000 - 0x000007feac826000 	C:\Program Files\Java\jdk-18.0.2.1\bin\nio.dll
0x000007fead1f0000 - 0x000007fead20a000 	C:\Users\Yara\AppData\Local\JetBrains\IntelliJ IDEA Community Edition 2022.2.2\bin\breakgen64.dll
0x000007feab970000 - 0x000007feab980000 	C:\Program Files\Java\jdk-18.0.2.1\bin\verify.dll
0x000007fefb210000 - 0x000007fefb219000 	C:\Program Files\Java\jdk-18.0.2.1\bin\management.dll
0x000007fefb1f0000 - 0x000007fefb1fb000 	C:\Program Files\Java\jdk-18.0.2.1\bin\management_ext.dll
0x000007fefabc0000 - 0x000007fefabd5000 	C:\Windows\system32\NLAapi.dll
0x000007feed730000 - 0x000007feed745000 	C:\Windows\system32\napinsp.dll
0x000007feed710000 - 0x000007feed729000 	C:\Windows\system32\pnrpnsp.dll
0x000007fefc920000 - 0x000007fefc97b000 	C:\Windows\system32\DNSAPI.dll
0x000007feed590000 - 0x000007feed59b000 	C:\Windows\System32\winrnr.dll
0x0000000070e60000 - 0x0000000070e86000 	C:\Program Files\Bonjour\mdnsNSP.dll
0x000007fefade0000 - 0x000007fefae07000 	C:\Windows\system32\Iphlpapi.DLL
0x000007fefadd0000 - 0x000007fefaddb000 	C:\Windows\system32\WINNSI.DLL
0x000007feed580000 - 0x000007feed590000 	C:\Windows\system32\wshbth.dll
0x000007fefc510000 - 0x000007fefc517000 	C:\Windows\System32\wshtcpip.dll
0x000007fef39c0000 - 0x000007fef39c8000 	C:\Windows\system32\rasadhlp.dll
0x000007fefa7c0000 - 0x000007fefa813000 	C:\Windows\System32\fwpuclnt.dll
0x000007fefcb00000 - 0x000007fefcb18000 	C:\Windows\system32\CRYPTSP.dll
0x000007fefc800000 - 0x000007fefc847000 	C:\Windows\system32\rsaenh.dll
0x000007fefd420000 - 0x000007fefd43f000 	C:\Windows\system32\USERENV.dll
0x000007fefd200000 - 0x000007fefd20f000 	C:\Windows\system32\CRYPTBASE.dll
0x000007fefa720000 - 0x000007fefa738000 	C:\Windows\system32\dhcpcsvc.DLL
0x000007fefa700000 - 0x000007fefa711000 	C:\Windows\system32\dhcpcsvc6.DLL
0x000007feefda0000 - 0x000007feefdae000 	C:\Program Files\Java\jdk-18.0.2.1\bin\sunmscapi.dll
0x000007fefd440000 - 0x000007fefd5ad000 	C:\Windows\system32\CRYPT32.dll
0x000007fefd360000 - 0x000007fefd36f000 	C:\Windows\system32\MSASN1.dll
0x000007fefcd10000 - 0x000007fefcd60000 	C:\Windows\system32\ncrypt.dll
0x000007fefcce0000 - 0x000007fefcd02000 	C:\Windows\system32\bcrypt.dll

dbghelp: loaded successfully - version: 4.0.5 - missing functions: none
symbol engine: initialized successfully - sym options: 0x614 - pdb path: .;C:\Program Files\Java\jdk-18.0.2.1\bin;C:\Windows\SYSTEM32;C:\Windows\WinSxS\amd64_microsoft.windows.common-controls_6595b64144ccf1df_6.0.7601.24483_none_e372d88f30fbb845;C:\Program Files\Java\jdk-18.0.2.1\bin\server;C:\Users\Yara\AppData\Local\JetBrains\IntelliJ IDEA Community Edition 2022.2.2\bin;C:\Program Files\Bonjour

VM Arguments:
jvm_args: -javaagent:C:\Users\Yara\AppData\Local\JetBrains\IntelliJ IDEA Community Edition 2022.2.2\lib\idea_rt.jar=52089:C:\Users\Yara\AppData\Local\JetBrains\IntelliJ IDEA Community Edition 2022.2.2\bin -Dfile.encoding=UTF-8 -Dsun.stdout.encoding=UTF-8 -Dsun.stderr.encoding=UTF-8 
java_command: com.picturethis.PictureThisApplication
java_class_path (initial): C:\Users\Yara\IdeaProjects\picture-this\target\classes;C:\Users\Yara\.m2\repository\org\springframework\boot\spring-boot-starter-data-jpa\2.7.4\spring-boot-starter-data-jpa-2.7.4.jar;C:\Users\Yara\.m2\repository\org\springframework\boot\spring-boot-starter-aop\2.7.4\spring-boot-starter-aop-2.7.4.jar;C:\Users\Yara\.m2\repository\org\aspectj\aspectjweaver\1.9.7\aspectjweaver-1.9.7.jar;C:\Users\Yara\.m2\repository\jakarta\transaction\jakarta.transaction-api\1.3.3\jakarta.transaction-api-1.3.3.jar;C:\Users\Yara\.m2\repository\jakarta\persistence\jakarta.persistence-api\2.2.3\jakarta.persistence-api-2.2.3.jar;C:\Users\Yara\.m2\repository\org\hibernate\hibernate-core\5.6.11.Final\hibernate-core-5.6.11.Final.jar;C:\Users\Yara\.m2\repository\org\jboss\logging\jboss-logging\3.4.3.Final\jboss-logging-3.4.3.Final.jar;C:\Users\Yara\.m2\repository\net\bytebuddy\byte-buddy\1.12.17\byte-buddy-1.12.17.jar;C:\Users\Yara\.m2\repository\antlr\antlr\2.7.7\antlr-2.7.7.jar;C:\Users\Yara\.m2\repository\org\jboss\jandex\2.4.2.Final\jandex-2.4.2.Final.jar;C:\Users\Yara\.m2\repository\com\fasterxml\classmate\1.5.1\classmate-1.5.1.jar;C:\Users\Yara\.m2\repository\org\hibernate\common\hibernate-commons-annotations\5.1.2.Final\hibernate-commons-annotations-5.1.2.Final.jar;C:\Users\Yara\.m2\repository\org\glassfish\jaxb\jaxb-runtime\2.3.6\jaxb-runtime-2.3.6.jar;C:\Users\Yara\.m2\repository\org\glassfish\jaxb\txw2\2.3.6\txw2-2.3.6.jar;C:\Users\Yara\.m2\repository\com\sun\istack\istack-commons-runtime\3.0.12\istack-commons-runtime-3.0.12.jar;C:\Users\Yara\.m2\repository\com\sun\activation\jakarta.activation\1.2.2\jakarta.activation-1.2.2.jar;C:\Users\Yara\.m2\repository\org\springframework\data\spring-data-jpa\2.7.3\spring-data-jpa-2.7.3.jar;C:\Users\Yara\.m2\repository\org\springframework\data\spring-data-commons\2.7.3\spring-data-commons-2.7.3.jar;C:\Users\Yara\.m2\repository\org\springframework\spring-orm\5.3.23\spring-orm-5.3.23.jar;C:\Users\Yara\.m2\repository\org\springframework\spring-context\5.3.23\spring-context-5.3.23.jar;C:\Users\Yara\.m2\repository\org\springframework\spring-tx\5.3.23\spring-tx-5.3.23.jar;C:\Users\Yara\.m2\repository\org\springframework\spring-beans\5.3.23\spring-beans-5.3.23.jar;C:\Users\Yara\.m2\repository\org\springframework\spring-aspects\5.3.23\spring-aspects-5.3.23.jar;C:\Users\Yara\.m2\repository\org\springframework\boot\spring-boot-starter-jdbc\2.7.4\spring-boot-starter-jdbc-2.7.4.jar;C:\Users\Yara\.m2\repository\org\springframework\boot\spring-boot-starter\2.7.4\spring-boot-starter-2.7.4.jar;C:\Users\Yara\.m2\repository\org\springframework\boot\spring-boot-starter-logging\2.7.4\spring-boot-starter-logging-2.7.4.jar;C:\Users\Yara\.m2\repository\ch\qos\logback\logback-classic\1.2.11\logback-classic-1.2.11.jar;C:\Users\Yara\.m2\repository\ch\qos\logback\logback-core\1.2.11\logback-core-1.2.11.jar;C:\Users\Yara\.m2\repository\org\apache\logging\log4j\log4j-to-slf4j\2.17.2\log4j-to-slf4j-2.17.2.jar;C:\Users\Yara\.m2\repository\org\apache\logging\log4j\log4j-api\2.17.2\log4j-api-2.17.2.jar;C:\Users\Yara\.m2\repository\org\slf4j\jul-to-slf4j\1.7.36\jul-to-slf4j-1.7.36.jar;C:\Users\Yara\.m2\repository\jakarta\annotation\jakarta.annotation-api\1.3.5\jakarta.annotation-api-1.3.5.jar;C:\Users\Yara\.m2\repository\org\yaml\snakeyaml\1.30\snakeyaml-1.30.jar;C:\Users\Yara\.m2\repository\com\zaxxer\HikariCP\4.0.3\HikariCP-4.0.3.jar;C:\Users\Yara\.m2\repository\org\springframework\spring-jdbc\5.3.23\spring-jdbc-5.3.23.jar;C:\Users\Yara\.m2\repository\org\springframework\boot\spring-boot-starter-security\2.7.4\spring-boot-starter-security-2.7.4.jar;C:\Users\Yara\.m2\repository\org\springframework\spring-aop\5.3.23\spring-aop-5.3.23.jar;C:\Users\Yara\.m2\repository\org\springframework\security\spring-security-config\5.7.3\spring-security-config-5.7.3.jar;C:\Users\Yara\.m2\repository\org\springframework\security\spring-security-web\5.7.3\spring-security-web-5.7.3.jar;C:\Users\Yara\.m2\repository\org\springframework\spring-expression\5.3.23\spring-expression-5.3.23.jar;C:\Users\Yara\.m2\repository\org\springframework\boot\spring-boot-devtools\2.7.4\spring-boot-devtools-2.7.4.jar;C:\Users\Yara\.m2\repository\org\springframework\boot\spring-boot\2.7.4\spring-boot-2.7.4.jar;C:\Users\Yara\.m2\repository\org\springframework\boot\spring-boot-autoconfigure\2.7.4\spring-boot-autoconfigure-2.7.4.jar;C:\Users\Yara\.m2\repository\org\springframework\boot\spring-boot-starter-thymeleaf\2.7.4\spring-boot-starter-thymeleaf-2.7.4.jar;C:\Users\Yara\.m2\repository\org\thymeleaf\thymeleaf-spring5\3.0.15.RELEASE\thymeleaf-spring5-3.0.15.RELEASE.jar;C:\Users\Yara\.m2\repository\org\thymeleaf\thymeleaf\3.0.15.RELEASE\thymeleaf-3.0.15.RELEASE.jar;C:\Users\Yara\.m2\repository\org\attoparser\attoparser\2.0.5.RELEASE\attoparser-2.0.5.RELEASE.jar;C:\Users\Yara\.m2\repository\org\unbescape\unbescape\1.1.6.RELEASE\unbescape-1.1.6.RELEASE.jar;C:\Users\Yara\.m2\repository\org\thymeleaf\extras\thymeleaf-extras-java8time\3.0.4.RELEASE\thymeleaf-extras-java8time-3.0.4.RELEASE.jar;C:\Users\Yara\.m2\repository\org\springframework\boot\spring-boot-starter-web\2.7.4\spring-boot-starter-web-2.7.4.jar;C:\Users\Yara\.m2\repository\org\springframework\boot\spring-boot-starter-json\2.7.4\spring-boot-starter-json-2.7.4.jar;C:\Users\Yara\.m2\repository\com\fasterxml\jackson\core\jackson-databind\2.13.4\jackson-databind-2.13.4.jar;C:\Users\Yara\.m2\repository\com\fasterxml\jackson\core\jackson-annotations\2.13.4\jackson-annotations-2.13.4.jar;C:\Users\Yara\.m2\repository\com\fasterxml\jackson\core\jackson-core\2.13.4\jackson-core-2.13.4.jar;C:\Users\Yara\.m2\repository\com\fasterxml\jackson\datatype\jackson-datatype-jdk8\2.13.4\jackson-datatype-jdk8-2.13.4.jar;C:\Users\Yara\.m2\repository\com\fasterxml\jackson\datatype\jackson-datatype-jsr310\2.13.4\jackson-datatype-jsr310-2.13.4.jar;C:\Users\Yara\.m2\repository\com\fasterxml\jackson\module\jackson-module-parameter-names\2.13.4\jackson-module-parameter-names-2.13.4.jar;C:\Users\Yara\.m2\repository\org\springframework\boot\spring-boot-starter-tomcat\2.7.4\spring-boot-starter-tomcat-2.7.4.jar;C:\Users\Yara\.m2\repository\org\apache\tomcat\embed\tomcat-embed-core\9.0.65\tomcat-embed-core-9.0.65.jar;C:\Users\Yara\.m2\repository\org\apache\tomcat\embed\tomcat-embed-websocket\9.0.65\tomcat-embed-websocket-9.0.65.jar;C:\Users\Yara\.m2\repository\org\springframework\spring-web\5.3.23\spring-web-5.3.23.jar;C:\Users\Yara\.m2\repository\org\springframework\spring-webmvc\5.3.23\spring-webmvc-5.3.23.jar;C:\Users\Yara\.m2\repository\org\thymeleaf\extras\thymeleaf-extras-springsecurity5\3.0.4.RELEASE\thymeleaf-extras-springsecurity5-3.0.4.RELEASE.jar;C:\Users\Yara\.m2\repository\org\slf4j\slf4j-api\1.7.36\slf4j-api-1.7.36.jar;C:\Users\Yara\.m2\repository\com\mysql\mysql-connector-j\8.0.31\mysql-connector-j-8.0.31.jar;C:\Users\Yara\.m2\repository\com\google\protobuf\protobuf-java\3.19.4\protobuf-java-3.19.4.jar;C:\Users\Yara\.m2\repository\org\projectlombok\lombok\1.18.24\lombok-1.18.24.jar;C:\Users\Yara\.m2\repository\jakarta\xml\bind\jakarta.xml.bind-api\2.3.3\jakarta.xml.bind-api-2.3.3.jar;C:\Users\Yara\.m2\repository\jakarta\activation\jakarta.activation-api\1.2.2\jakarta.activation-api-1.2.2.jar;C:\Users\Yara\.m2\repository\org\springframework\spring-core\5.3.23\spring-core-5.3.23.jar;C:\Users\Yara\.m2\repository\org\springframework\spring-jcl\5.3.23\spring-jcl-5.3.23.jar;C:\Users\Yara\.m2\repository\org\springframework\boot\spring-boot-starter-validation\2.7.4\spring-boot-starter-validation-2.7.4.jar;C:\Users\Yara\.m2\repository\org\apache\tomcat\embed\tomcat-embed-el\9.0.65\tomcat-embed-el-9.0.65.jar;C:\Users\Yara\.m2\repository\org\hibernate\validator\hibernate-validator\6.2.5.Final\hibernate-validator-6.2.5.Final.jar;C:\Users\Yara\.m2\repository\jakarta\validation\jakarta.validation-api\2.0.2\jakarta.validation-api-2.0.2.jar;C:\Users\Yara\.m2\repository\org\springframework\security\spring-security-core\5.7.3\spring-security-core-5.7.3.jar;C:\Users\Yara\.m2\repository\org\springframework\security\spring-security-crypto\5.7.3\spring-security-crypto-5.7.3.jar
Launcher Type: SUN_STANDARD

[Global flags]
     intx CICompilerCount                          = 3                                         {product} {ergonomic}
     uint ConcGCThreads                            = 1                                         {product} {ergonomic}
     uint G1ConcRefinementThreads                  = 4                                         {product} {ergonomic}
   size_t G1HeapRegionSize                         = 1048576                                   {product} {ergonomic}
    uintx GCDrainStackTargetSize                   = 64                                        {product} {ergonomic}
   size_t InitialHeapSize                          = 100663296                                 {product} {ergonomic}
   size_t MarkStackSize                            = 4194304                                   {product} {ergonomic}
   size_t MaxHeapSize                              = 1587544064                                {product} {ergonomic}
   size_t MaxNewSize                               = 952107008                                 {product} {ergonomic}
   size_t MinHeapDeltaBytes                        = 1048576                                   {product} {ergonomic}
   size_t MinHeapSize                              = 8388608                                   {product} {ergonomic}
    uintx NonNMethodCodeHeapSize                   = 5832780                                {pd product} {ergonomic}
    uintx NonProfiledCodeHeapSize                  = 122912730                              {pd product} {ergonomic}
    uintx ProfiledCodeHeapSize                     = 122912730                              {pd product} {ergonomic}
    uintx ReservedCodeCacheSize                    = 251658240                              {pd product} {ergonomic}
     bool SegmentedCodeCache                       = true                                      {product} {ergonomic}
   size_t SoftMaxHeapSize                          = 1587544064                             {manageable} {ergonomic}
     bool UseCompressedClassPointers               = true                           {product lp64_product} {ergonomic}
     bool UseCompressedOops                        = true                           {product lp64_product} {ergonomic}
     bool UseG1GC                                  = true                                      {product} {ergonomic}
     bool UseLargePagesIndividualAllocation        = false                                  {pd product} {ergonomic}

Logging:
Log output configuration:
 #0: stdout all=warning uptime,level,tags foldmultilines=false
 #1: stderr all=off uptime,level,tags foldmultilines=false

Environment Variables:
JAVA_HOME=C:\Program Files\Java\jdk-16.0.1
PATH=C:\Program Files\Java\apache-maven-3.8.6\bin;C:\Program Files\nodejs\;C:\Program Files\Java\jdk-16.0.1\bin;C:\Users\Yara\AppData\Roaming\npm
USERNAME=Yara
OS=Windows_NT
PROCESSOR_IDENTIFIER=Intel64 Family 6 Model 42 Stepping 7, GenuineIntel



---------------  S Y S T E M  ---------------

OS:
 Windows 7 , 64 bit Build 7601 (6.1.7601.24545)
OS uptime: 1 days 5:43 hours

CPU: total 4 (initial active 4) (2 cores per cpu, 2 threads per core) family 6 model 42 stepping 7 microcode 0x0, cx8, cmov, fxsr, ht, mmx, sse, sse2, sse3, ssse3, sse4.1, sse4.2, popcnt, tsc, tscinvbit, avx, aes, clmul, vzeroupper, clflush

Memory: 4k page, system-wide physical 6051M (725M free)
TotalPageFile size 10049M (AvailPageFile size 46M)
current process WorkingSet (physical memory assigned to process): 280M, peak: 290M
current process commit charge ("private bytes"): 355M, peak: 449M

vm_info: Java HotSpot(TM) 64-Bit Server VM (18.0.2.1+1-1) for windows-amd64 JRE (18.0.2.1+1-1), built on Aug 16 2022 01:46:33 by "mach5one" with MS VC++ 16.8 / 16.9 (VS2019)

END.
