#
# There is insufficient memory for the Java Runtime Environment to continue.
# Native memory allocation (malloc) failed to allocate 1043696 bytes for Chunk::new
# Possible reasons:
#   The system is out of physical RAM or swap space
#   The process is running with CompressedOops enabled, and the Java Heap may be blocking the growth of the native heap
# Possible solutions:
#   Reduce memory load on the system
#   Increase physical memory or swap space
#   Check if swap backing store is full
#   Decrease Java heap size (-Xmx/-Xms)
#   Decrease number of Java threads
#   Decrease Java thread stack sizes (-Xss)
#   Set larger code cache with -XX:ReservedCodeCacheSize=
#   JVM is running with Unscaled Compressed Oops mode in which the Java heap is
#     placed in the first 4GB address space. The Java Heap base address is the
#     maximum limit for the native heap growth. Please use -XX:HeapBaseMinAddress
#     to set the Java Heap base and to place the Java Heap above 4GB virtual address.
# This output file may be truncated or incomplete.
#
#  Out of Memory Error (arena.cpp:184), pid=7984, tid=4116
#
# JRE version: Java(TM) SE Runtime Environment (18.0.2.1+1) (build 18.0.2.1+1-1)
# Java VM: Java HotSpot(TM) 64-Bit Server VM (18.0.2.1+1-1, mixed mode, sharing, tiered, compressed oops, compressed class ptrs, g1 gc, windows-amd64)
# No core dump will be written. Minidumps are not enabled by default on client versions of Windows
#

---------------  S U M M A R Y ------------

Command Line: -javaagent:C:\Users\Yara\AppData\Local\JetBrains\IntelliJ IDEA Community Edition 2022.2.2\lib\idea_rt.jar=52806:C:\Users\Yara\AppData\Local\JetBrains\IntelliJ IDEA Community Edition 2022.2.2\bin -Dfile.encoding=UTF-8 -Dsun.stdout.encoding=UTF-8 -Dsun.stderr.encoding=UTF-8 com.picturethis.PictureThisApplication

Host: Intel(R) Core(TM) i5-2430M CPU @ 2.40GHz, 4 cores, 5G,  Windows 7 , 64 bit Build 7601 (6.1.7601.24545)
Time: Thu Nov 24 22:57:28 2022 Egypt Standard Time elapsed time: 61.040714 seconds (0d 0h 1m 1s)

---------------  T H R E A D  ---------------

Current thread (0x0000000026883b60):  JavaThread "C2 CompilerThread1" daemon [_thread_in_native, id=4116, stack(0x00000000292b0000,0x00000000293b0000)]


Current CompileTask:
C2:  61040 5307       4       org.springframework.core.annotation.AnnotationsScanner::scan (18 bytes)

Stack: [0x00000000292b0000,0x00000000293b0000]
Native frames: (J=compiled Java code, j=interpreted, Vv=VM code, C=native code)
V  [jvm.dll+0x6993aa]
V  [jvm.dll+0x7f46dd]
V  [jvm.dll+0x7f5fee]
V  [jvm.dll+0x7f66a3]
V  [jvm.dll+0x25cf1f]
V  [jvm.dll+0xb8c2f]
V  [jvm.dll+0xb8fa5]
V  [jvm.dll+0x3860cb]
V  [jvm.dll+0x1d2d58]
V  [jvm.dll+0x230259]
V  [jvm.dll+0x22f4d1]
V  [jvm.dll+0x1ba01c]
V  [jvm.dll+0x23ee0a]
V  [jvm.dll+0x23d0f5]
V  [jvm.dll+0x7a6dd1]
V  [jvm.dll+0x7a120a]
V  [jvm.dll+0x698255]
C  [ucrtbase.DLL+0x1d912]
C  [kernel32.dll+0x1556d]
C  [ntdll.dll+0x5372d]


---------------  P R O C E S S  ---------------

Threads class SMR info:
_java_thread_list=0x0000000026b85530, length=33, elements={
0x000000001fbbda00, 0x000000001fbbe7f0, 0x000000001fbccfb0, 0x000000001fbcd860,
0x000000001fbce110, 0x000000001fbd2000, 0x000000001fbd4d20, 0x000000001fbd5750,
0x000000001fbe7940, 0x000000001fbb09c0, 0x00000000253a5dc0, 0x00000000253a6700,
0x00000000254e4660, 0x00000000254e4b30, 0x00000000254e5000, 0x00000000254e54d0,
0x00000000254e59a0, 0x0000000026883b60, 0x00000000254e5e70, 0x00000000254e6810,
0x00000000254e6ce0, 0x00000000254e71b0, 0x00000000254e7680, 0x00000000254e7b50,
0x00000000254e8020, 0x0000000029a88a20, 0x0000000029a88ef0, 0x0000000029a893c0,
0x0000000029a89890, 0x0000000029a89d60, 0x0000000029a8a230, 0x0000000029a8a700,
0x0000000029a8abd0
}

Java Threads: ( => current thread )
  0x000000001fbbda00 JavaThread "Reference Handler" daemon [_thread_blocked, id=3644, stack(0x000000001fdf0000,0x000000001fef0000)]
  0x000000001fbbe7f0 JavaThread "Finalizer" daemon [_thread_blocked, id=3896, stack(0x0000000024070000,0x0000000024170000)]
  0x000000001fbccfb0 JavaThread "Signal Dispatcher" daemon [_thread_blocked, id=7100, stack(0x0000000024200000,0x0000000024300000)]
  0x000000001fbcd860 JavaThread "Attach Listener" daemon [_thread_blocked, id=3492, stack(0x000000001fef0000,0x000000001fff0000)]
  0x000000001fbce110 JavaThread "Service Thread" daemon [_thread_blocked, id=1080, stack(0x0000000024380000,0x0000000024480000)]
  0x000000001fbd2000 JavaThread "Monitor Deflation Thread" daemon [_thread_blocked, id=10460, stack(0x00000000244b0000,0x00000000245b0000)]
  0x000000001fbd4d20 JavaThread "C2 CompilerThread0" daemon [_thread_blocked, id=8704, stack(0x0000000024670000,0x0000000024770000)]
  0x000000001fbd5750 JavaThread "C1 CompilerThread0" daemon [_thread_blocked, id=7132, stack(0x0000000024840000,0x0000000024940000)]
  0x000000001fbe7940 JavaThread "Sweeper thread" daemon [_thread_blocked, id=8596, stack(0x0000000024ad0000,0x0000000024bd0000)]
  0x000000001fbb09c0 JavaThread "Common-Cleaner" daemon [_thread_blocked, id=10272, stack(0x0000000024c80000,0x0000000024d80000)]
  0x00000000253a5dc0 JavaThread "Monitor Ctrl-Break" daemon [_thread_in_native, id=10156, stack(0x00000000249a0000,0x0000000024aa0000)]
  0x00000000253a6700 JavaThread "Notification Thread" daemon [_thread_blocked, id=10280, stack(0x0000000025b80000,0x0000000025c80000)]
  0x00000000254e4660 JavaThread "Catalina-utility-1" [_thread_blocked, id=10268, stack(0x0000000027d00000,0x0000000027e00000)]
  0x00000000254e4b30 JavaThread "Catalina-utility-2" [_thread_blocked, id=10896, stack(0x0000000028ef0000,0x0000000028ff0000)]
  0x00000000254e5000 JavaThread "container-0" [_thread_blocked, id=11304, stack(0x0000000029440000,0x0000000029540000)]
  0x00000000254e54d0 JavaThread "mysql-cj-abandoned-connection-cleanup" daemon [_thread_blocked, id=10736, stack(0x0000000029650000,0x0000000029750000)]
  0x00000000254e59a0 JavaThread "HikariPool-1 housekeeper" daemon [_thread_blocked, id=7584, stack(0x0000000029180000,0x0000000029280000)]
=>0x0000000026883b60 JavaThread "C2 CompilerThread1" daemon [_thread_in_native, id=4116, stack(0x00000000292b0000,0x00000000293b0000)]
  0x00000000254e5e70 JavaThread "File Watcher" daemon [_thread_blocked, id=11060, stack(0x000000002a7a0000,0x000000002a8a0000)]
  0x00000000254e6810 JavaThread "Live Reload Server" daemon [_thread_in_native, id=3812, stack(0x000000002aa90000,0x000000002ab90000)]
  0x00000000254e6ce0 JavaThread "http-nio-8080-exec-1" daemon [_thread_blocked, id=10840, stack(0x000000002bd40000,0x000000002be40000)]
  0x00000000254e71b0 JavaThread "http-nio-8080-exec-2" daemon [_thread_blocked, id=8428, stack(0x0000000029070000,0x0000000029170000)]
  0x00000000254e7680 JavaThread "http-nio-8080-exec-3" daemon [_thread_blocked, id=3760, stack(0x000000002bf20000,0x000000002c020000)]
  0x00000000254e7b50 JavaThread "http-nio-8080-exec-4" daemon [_thread_blocked, id=10464, stack(0x000000002c060000,0x000000002c160000)]
  0x00000000254e8020 JavaThread "http-nio-8080-exec-5" daemon [_thread_blocked, id=12060, stack(0x000000002c300000,0x000000002c400000)]
  0x0000000029a88a20 JavaThread "http-nio-8080-exec-6" daemon [_thread_blocked, id=9996, stack(0x000000002c450000,0x000000002c550000)]
  0x0000000029a88ef0 JavaThread "http-nio-8080-exec-7" daemon [_thread_blocked, id=6584, stack(0x000000002c180000,0x000000002c280000)]
  0x0000000029a893c0 JavaThread "http-nio-8080-exec-8" daemon [_thread_blocked, id=10068, stack(0x000000002c680000,0x000000002c780000)]
  0x0000000029a89890 JavaThread "http-nio-8080-exec-9" daemon [_thread_blocked, id=8624, stack(0x000000002c7b0000,0x000000002c8b0000)]
  0x0000000029a89d60 JavaThread "http-nio-8080-exec-10" daemon [_thread_blocked, id=9900, stack(0x000000002c930000,0x000000002ca30000)]
  0x0000000029a8a230 JavaThread "http-nio-8080-Poller" daemon [_thread_in_native, id=9240, stack(0x000000002ca30000,0x000000002cb30000)]
  0x0000000029a8a700 JavaThread "http-nio-8080-Acceptor" daemon [_thread_in_native, id=7076, stack(0x000000002cc80000,0x000000002cd80000)]
  0x0000000029a8abd0 JavaThread "DestroyJavaVM" [_thread_blocked, id=9120, stack(0x0000000002170000,0x0000000002270000)]

Other Threads:
  0x000000001fbb80f0 VMThread "VM Thread" [stack: 0x000000001f930000,0x000000001fa30000] [id=9688]
  0x000000001fbccb90 WatcherThread "VM Periodic Task Thread" [stack: 0x0000000025d10000,0x0000000025e10000] [id=9152]
  0x00000000005059b0 WorkerThread "GC Thread#0" [stack: 0x000000001ce30000,0x000000001cf30000] [id=6972]
  0x0000000025586450 WorkerThread "GC Thread#1" [stack: 0x0000000025ee0000,0x0000000025fe0000] [id=6384]
  0x00000000256f9db0 WorkerThread "GC Thread#2" [stack: 0x00000000251a0000,0x00000000252a0000] [id=11656]
  0x00000000256fa050 WorkerThread "GC Thread#3" [stack: 0x00000000260c0000,0x00000000261c0000] [id=6920]
  0x000000001cf36b00 ConcurrentGCThread "G1 Main Marker" [stack: 0x000000001d0f0000,0x000000001d1f0000] [id=9700]
  0x000000000050ebc0 WorkerThread "G1 Conc#0" [stack: 0x000000001d330000,0x000000001d430000] [id=7448]
  0x000000001cf748d0 ConcurrentGCThread "G1 Refine#0" [stack: 0x000000001f7d0000,0x000000001f8d0000] [id=10448]
  0x00000000255866f0 ConcurrentGCThread "G1 Refine#1" [stack: 0x0000000026250000,0x0000000026350000] [id=4608]
  0x000000001cf750f0 ConcurrentGCThread "G1 Service" [stack: 0x000000001fa30000,0x000000001fb30000] [id=6776]

Threads with active compile tasks:
C2 CompilerThread1    61082 5307       4       org.springframework.core.annotation.AnnotationsScanner::scan (18 bytes)

VM state: not at safepoint (normal execution)

VM Mutex/Monitor currently owned by a thread: None

Heap address: 0x00000000a1600000, size: 1514 MB, Compressed Oops mode: 32-bit

CDS archive(s) mapped at: [0x0000000800000000-0x0000000800ba0000-0x0000000800ba0000), size 12189696, SharedBaseAddress: 0x0000000800000000, ArchiveRelocationMode: 0.
Compressed class space mapped at: 0x0000000800c00000-0x0000000840c00000, reserved size: 1073741824
Narrow klass base: 0x0000000800000000, Narrow klass shift: 0, Narrow klass range: 0x100000000

GC Precious Log:
 CardTable entry size: 512
 Card Set container configuration: InlinePtr #cards 5 size 8 Array Of Cards #cards 12 size 40 Howl #buckets 4 coarsen threshold 1843 Howl Bitmap #cards 512 size 80 coarsen threshold 460 Card regions per heap region 1 cards per card region 2048
 CPUs: 4 total, 4 available
 Memory: 6051M
 Large Page Support: Disabled
 NUMA Support: Disabled
 Compressed Oops: Enabled (32-bit)
 Heap Region Size: 1M
 Heap Min Capacity: 8M
 Heap Initial Capacity: 96M
 Heap Max Capacity: 1514M
 Pre-touch: Disabled
 Parallel Workers: 4
 Concurrent Workers: 1
 Concurrent Refinement Workers: 4
 Periodic GC: Disabled

Heap:
 garbage-first heap   total 48128K, used 26074K [0x00000000a1600000, 0x0000000100000000)
  region size 1024K, 2 young (2048K), 1 survivors (1024K)
 Metaspace       used 56214K, committed 56640K, reserved 1114112K
  class space    used 7527K, committed 7744K, reserved 1048576K

Heap Regions: E=young(eden), S=young(survivor), O=old, HS=humongous(starts), HC=humongous(continues), CS=collection set, F=free, OA=open archive, CA=closed archive, TAMS=top-at-mark-start (previous, next)
|   0|0x00000000a1600000, 0x00000000a1700000, 0x00000000a1700000|100%|HS|  |TAMS 0x00000000a1700000, 0x00000000a1600000| Complete 
|   1|0x00000000a1700000, 0x00000000a1800000, 0x00000000a1800000|100%| O|  |TAMS 0x00000000a1800000, 0x00000000a1700000| Untracked 
|   2|0x00000000a1800000, 0x00000000a1900000, 0x00000000a1900000|100%| O|  |TAMS 0x00000000a1900000, 0x00000000a1800000| Untracked 
|   3|0x00000000a1900000, 0x00000000a1a00000, 0x00000000a1a00000|100%| O|  |TAMS 0x00000000a1a00000, 0x00000000a1900000| Untracked 
|   4|0x00000000a1a00000, 0x00000000a1b00000, 0x00000000a1b00000|100%| O|  |TAMS 0x00000000a1b00000, 0x00000000a1a00000| Untracked 
|   5|0x00000000a1b00000, 0x00000000a1c00000, 0x00000000a1c00000|100%| O|  |TAMS 0x00000000a1c00000, 0x00000000a1b00000| Untracked 
|   6|0x00000000a1c00000, 0x00000000a1d00000, 0x00000000a1d00000|100%| O|  |TAMS 0x00000000a1d00000, 0x00000000a1c00000| Untracked 
|   7|0x00000000a1d00000, 0x00000000a1e00000, 0x00000000a1e00000|100%| O|  |TAMS 0x00000000a1e00000, 0x00000000a1d00000| Untracked 
|   8|0x00000000a1e00000, 0x00000000a1e8ea00, 0x00000000a1f00000| 55%| O|  |TAMS 0x00000000a1e8ea00, 0x00000000a1e00000| Untracked 
|   9|0x00000000a1f00000, 0x00000000a2000000, 0x00000000a2000000|100%| O|  |TAMS 0x00000000a2000000, 0x00000000a1f00000| Untracked 
|  10|0x00000000a2000000, 0x00000000a2100000, 0x00000000a2100000|100%| O|  |TAMS 0x00000000a2100000, 0x00000000a2000000| Untracked 
|  11|0x00000000a2100000, 0x00000000a2200000, 0x00000000a2200000|100%| O|  |TAMS 0x00000000a2200000, 0x00000000a2100000| Untracked 
|  12|0x00000000a2200000, 0x00000000a2300000, 0x00000000a2300000|100%| O|  |TAMS 0x00000000a2300000, 0x00000000a2200000| Untracked 
|  13|0x00000000a2300000, 0x00000000a2400000, 0x00000000a2400000|100%| O|  |TAMS 0x00000000a2400000, 0x00000000a2300000| Untracked 
|  14|0x00000000a2400000, 0x00000000a2500000, 0x00000000a2500000|100%| O|  |TAMS 0x00000000a2500000, 0x00000000a2400000| Untracked 
|  15|0x00000000a2500000, 0x00000000a2600000, 0x00000000a2600000|100%| O|  |TAMS 0x00000000a2600000, 0x00000000a2500000| Untracked 
|  16|0x00000000a2600000, 0x00000000a2700000, 0x00000000a2700000|100%| O|  |TAMS 0x00000000a2700000, 0x00000000a2600000| Untracked 
|  17|0x00000000a2700000, 0x00000000a2800000, 0x00000000a2800000|100%| O|  |TAMS 0x00000000a2800000, 0x00000000a2700000| Untracked 
|  18|0x00000000a2800000, 0x00000000a2900000, 0x00000000a2900000|100%| O|  |TAMS 0x00000000a2900000, 0x00000000a2800000| Untracked 
|  19|0x00000000a2900000, 0x00000000a2a00000, 0x00000000a2a00000|100%| O|  |TAMS 0x00000000a2a00000, 0x00000000a2900000| Untracked 
|  20|0x00000000a2a00000, 0x00000000a2b00000, 0x00000000a2b00000|100%| O|  |TAMS 0x00000000a2b00000, 0x00000000a2a00000| Untracked 
|  21|0x00000000a2b00000, 0x00000000a2c00000, 0x00000000a2c00000|100%| O|  |TAMS 0x00000000a2b23200, 0x00000000a2b00000| Untracked 
|  22|0x00000000a2c00000, 0x00000000a2d00000, 0x00000000a2d00000|100%| O|  |TAMS 0x00000000a2c00000, 0x00000000a2c00000| Untracked 
|  23|0x00000000a2d00000, 0x00000000a2e00000, 0x00000000a2e00000|100%| O|  |TAMS 0x00000000a2d00000, 0x00000000a2d00000| Untracked 
|  24|0x00000000a2e00000, 0x00000000a2ee7e00, 0x00000000a2f00000| 90%| O|  |TAMS 0x00000000a2e00000, 0x00000000a2e00000| Untracked 
|  25|0x00000000a2f00000, 0x00000000a2f00000, 0x00000000a3000000|  0%| F|  |TAMS 0x00000000a2f00000, 0x00000000a2f00000| Untracked 
|  26|0x00000000a3000000, 0x00000000a3000000, 0x00000000a3100000|  0%| F|  |TAMS 0x00000000a3000000, 0x00000000a3000000| Untracked 
|  27|0x00000000a3100000, 0x00000000a3100000, 0x00000000a3200000|  0%| F|  |TAMS 0x00000000a3100000, 0x00000000a3100000| Untracked 
|  28|0x00000000a3200000, 0x00000000a3200000, 0x00000000a3300000|  0%| F|  |TAMS 0x00000000a3200000, 0x00000000a3200000| Untracked 
|  29|0x00000000a3300000, 0x00000000a3300000, 0x00000000a3400000|  0%| F|  |TAMS 0x00000000a3300000, 0x00000000a3300000| Untracked 
|  30|0x00000000a3400000, 0x00000000a3400000, 0x00000000a3500000|  0%| F|  |TAMS 0x00000000a3400000, 0x00000000a3400000| Untracked 
|  31|0x00000000a3500000, 0x00000000a3500000, 0x00000000a3600000|  0%| F|  |TAMS 0x00000000a3500000, 0x00000000a3500000| Untracked 
|  32|0x00000000a3600000, 0x00000000a3600000, 0x00000000a3700000|  0%| F|  |TAMS 0x00000000a3600000, 0x00000000a3600000| Untracked 
|  33|0x00000000a3700000, 0x00000000a3700000, 0x00000000a3800000|  0%| F|  |TAMS 0x00000000a3700000, 0x00000000a3700000| Untracked 
|  34|0x00000000a3800000, 0x00000000a3900000, 0x00000000a3900000|100%| S|CS|TAMS 0x00000000a3800000, 0x00000000a3800000| Complete 
|  35|0x00000000a3900000, 0x00000000a3900000, 0x00000000a3a00000|  0%| F|  |TAMS 0x00000000a3900000, 0x00000000a3900000| Untracked 
|  36|0x00000000a3a00000, 0x00000000a3a00000, 0x00000000a3b00000|  0%| F|  |TAMS 0x00000000a3a00000, 0x00000000a3a00000| Untracked 
|  37|0x00000000a3b00000, 0x00000000a3b00000, 0x00000000a3c00000|  0%| F|  |TAMS 0x00000000a3b00000, 0x00000000a3b00000| Untracked 
|  38|0x00000000a3c00000, 0x00000000a3c00000, 0x00000000a3d00000|  0%| F|  |TAMS 0x00000000a3c00000, 0x00000000a3c00000| Untracked 
|  39|0x00000000a3d00000, 0x00000000a3d00000, 0x00000000a3e00000|  0%| F|  |TAMS 0x00000000a3d00000, 0x00000000a3d00000| Untracked 
|  40|0x00000000a3e00000, 0x00000000a3e00000, 0x00000000a3f00000|  0%| F|  |TAMS 0x00000000a3e00000, 0x00000000a3e00000| Untracked 
|  41|0x00000000a3f00000, 0x00000000a3f00000, 0x00000000a4000000|  0%| F|  |TAMS 0x00000000a3f00000, 0x00000000a3f00000| Untracked 
|  83|0x00000000a6900000, 0x00000000a6900000, 0x00000000a6a00000|  0%| F|  |TAMS 0x00000000a6900000, 0x00000000a6900000| Untracked 
|  84|0x00000000a6a00000, 0x00000000a6a00000, 0x00000000a6b00000|  0%| F|  |TAMS 0x00000000a6a00000, 0x00000000a6a00000| Untracked 
|  85|0x00000000a6b00000, 0x00000000a6b00000, 0x00000000a6c00000|  0%| F|  |TAMS 0x00000000a6b00000, 0x00000000a6b00000| Untracked 
|  86|0x00000000a6c00000, 0x00000000a6c00000, 0x00000000a6d00000|  0%| F|  |TAMS 0x00000000a6c00000, 0x00000000a6c00000| Untracked 
|  95|0x00000000a7500000, 0x00000000a75a6758, 0x00000000a7600000| 65%| E|  |TAMS 0x00000000a7500000, 0x00000000a7500000| Complete 

Card table byte_map: [0x00000000198a0000,0x0000000019ba0000] _byte_map_base: 0x0000000019395000

Marking Bits (Prev, Next): (CMBitMap*) 0x0000000000507f00, (CMBitMap*) 0x0000000000507ec0
 Prev Bits: [0x000000001b650000, 0x000000001cdf8000)
 Next Bits: [0x0000000019ea0000, 0x000000001b648000)

Polling page: 0x0000000000130000

Metaspace:

Usage:
  Non-class:     47.55 MB used.
      Class:      7.35 MB used.
       Both:     54.90 MB used.

Virtual space:
  Non-class space:       64.00 MB reserved,      47.75 MB ( 75%) committed,  1 nodes.
      Class space:        1.00 GB reserved,       7.56 MB ( <1%) committed,  1 nodes.
             Both:        1.06 GB reserved,      55.31 MB (  5%) committed. 

Chunk freelists:
   Non-Class:  0 bytes
       Class:  496.00 KB
        Both:  496.00 KB

MaxMetaspaceSize: unlimited
CompressedClassSpaceSize: 1.00 GB
Initial GC threshold: 21.00 MB
Current GC threshold: 88.69 MB
CDS: on
MetaspaceReclaimPolicy: balanced
 - commit_granule_bytes: 65536.
 - commit_granule_words: 8192.
 - virtual_space_node_default_size: 8388608.
 - enlarge_chunks_in_place: 1.
 - new_chunks_are_fully_committed: 0.
 - uncommit_free_chunks: 1.
 - use_allocation_guard: 0.


Internal statistics:

num_allocs_failed_limit: 6.
num_arena_births: 530.
num_arena_deaths: 0.
num_vsnodes_births: 2.
num_vsnodes_deaths: 0.
num_space_committed: 885.
num_space_uncommitted: 0.
num_chunks_returned_to_freelist: 6.
num_chunks_taken_from_freelist: 2422.
num_chunk_merges: 3.
num_chunk_splits: 1744.
num_chunks_enlarged: 1442.
num_inconsistent_stats: 0.

CodeHeap 'non-profiled nmethods': size=120000Kb used=2768Kb max_used=2797Kb free=117231Kb
 bounds [0x0000000011b40000, 0x0000000011e30000, 0x0000000019070000]
CodeHeap 'profiled nmethods': size=120000Kb used=9787Kb max_used=11072Kb free=110213Kb
 bounds [0x000000000a610000, 0x000000000b0f0000, 0x0000000011b40000]
CodeHeap 'non-nmethods': size=5760Kb used=1320Kb max_used=1384Kb free=4439Kb
 bounds [0x000000000a070000, 0x000000000a2e0000, 0x000000000a610000]
 total_blobs=5157 nmethods=4524 adapters=545
 compilation: enabled
              stopped_count=0, restarted_count=0
 full_count=0

Compilation events (20 events):
Event: 60.243 Thread 0x000000001fbd5750 5348       3       org.springframework.boot.autoconfigure.condition.ConditionEvaluationReport::lambda$addNoMatchOutcomeToAncestors$1 (54 bytes)
Event: 60.247 Thread 0x000000001fbd5750 nmethod 5348 0x000000000ad14f10 code [0x000000000ad151e0, 0x000000000ad15eb8]
Event: 60.255 Thread 0x000000001fbd5750 5349       3       java.util.TreeMap::getFirstEntry (26 bytes)
Event: 60.256 Thread 0x000000001fbd5750 nmethod 5349 0x000000000af51990 code [0x000000000af51b40, 0x000000000af51d38]
Event: 60.271 Thread 0x000000001fbd5750 5353       1       org.springframework.boot.autoconfigure.condition.ConditionEvaluationReport$ConditionAndOutcome::getOutcome (5 bytes)
Event: 60.271 Thread 0x000000001fbd5750 nmethod 5353 0x0000000011b92190 code [0x0000000011b92320, 0x0000000011b923f8]
Event: 60.277 Thread 0x000000001fbd5750 5354       3       java.util.TreeMap::forEach (58 bytes)
Event: 60.279 Thread 0x000000001fbd5750 nmethod 5354 0x000000000a887c10 code [0x000000000a887e20, 0x000000000a8884b8]
Event: 60.288 Thread 0x000000001fbd5750 5355       3       org.springframework.boot.autoconfigure.condition.ConditionEvaluationReport$$Lambda$984/0x0000000801380210::accept (16 bytes)
Event: 60.289 Thread 0x000000001fbd5750 nmethod 5355 0x000000000ac49190 code [0x000000000ac49360, 0x000000000ac49798]
Event: 60.289 Thread 0x000000001fbd5750 5356       3       org.springframework.boot.autoconfigure.condition.ConditionEvaluationReport$ConditionAndOutcomes::iterator (13 bytes)
Event: 60.292 Thread 0x000000001fbd5750 nmethod 5356 0x000000000a8aa290 code [0x000000000a8aa480, 0x000000000a8aaaa8]
Event: 60.373 Thread 0x000000001fbd4d20 nmethod 5259 0x0000000011c6cb10 code [0x0000000011c6cf20, 0x0000000011c709d0]
Event: 60.373 Thread 0x000000001fbd4d20 5308       4       org.springframework.core.annotation.AnnotationsScanner::process (43 bytes)
Event: 60.758 Thread 0x000000001fbd5750 5357       3       java.util.IdentityHashMap::<init> (44 bytes)
Event: 60.761 Thread 0x000000001fbd5750 nmethod 5357 0x000000000a862290 code [0x000000000a862500, 0x000000000a862f68]
Event: 60.770 Thread 0x000000001fbd5750 5358       3       org.springframework.beans.factory.support.DefaultListableBeanFactory::getBeanNamesForType (101 bytes)
Event: 60.774 Thread 0x000000001fbd5750 nmethod 5358 0x000000000ac69410 code [0x000000000ac69680, 0x000000000ac6a228]
Event: 60.774 Thread 0x000000001fbd5750 5359       3       java.util.IdentityHashMap::put (137 bytes)
Event: 60.777 Thread 0x000000001fbd5750 nmethod 5359 0x000000000a962d10 code [0x000000000a962f40, 0x000000000a963a18]

GC Heap History (20 events):
Event: 26.563 GC heap before
{Heap before GC invocations=6 (full 0):
 garbage-first heap   total 48128K, used 36830K [0x00000000a1600000, 0x0000000100000000)
  region size 1024K, 28 young (28672K), 4 survivors (4096K)
 Metaspace       used 25828K, committed 26112K, reserved 1114112K
  class space    used 3293K, committed 3456K, reserved 1048576K
}
Event: 26.604 GC heap after
{Heap after GC invocations=7 (full 0):
 garbage-first heap   total 48128K, used 14992K [0x00000000a1600000, 0x0000000100000000)
  region size 1024K, 4 young (4096K), 4 survivors (4096K)
 Metaspace       used 25828K, committed 26112K, reserved 1114112K
  class space    used 3293K, committed 3456K, reserved 1048576K
}
Event: 30.760 GC heap before
{Heap before GC invocations=7 (full 0):
 garbage-first heap   total 48128K, used 32400K [0x00000000a1600000, 0x0000000100000000)
  region size 1024K, 22 young (22528K), 4 survivors (4096K)
 Metaspace       used 29281K, committed 29632K, reserved 1114112K
  class space    used 3686K, committed 3840K, reserved 1048576K
}
Event: 30.782 GC heap after
{Heap after GC invocations=8 (full 0):
 garbage-first heap   total 48128K, used 16962K [0x00000000a1600000, 0x0000000100000000)
  region size 1024K, 3 young (3072K), 3 survivors (3072K)
 Metaspace       used 29281K, committed 29632K, reserved 1114112K
  class space    used 3686K, committed 3840K, reserved 1048576K
}
Event: 34.949 GC heap before
{Heap before GC invocations=8 (full 0):
 garbage-first heap   total 48128K, used 33346K [0x00000000a1600000, 0x0000000100000000)
  region size 1024K, 20 young (20480K), 3 survivors (3072K)
 Metaspace       used 32707K, committed 33088K, reserved 1114112K
  class space    used 4171K, committed 4352K, reserved 1048576K
}
Event: 34.957 GC heap after
{Heap after GC invocations=9 (full 0):
 garbage-first heap   total 48128K, used 18168K [0x00000000a1600000, 0x0000000100000000)
  region size 1024K, 2 young (2048K), 2 survivors (2048K)
 Metaspace       used 32707K, committed 33088K, reserved 1114112K
  class space    used 4171K, committed 4352K, reserved 1048576K
}
Event: 41.471 GC heap before
{Heap before GC invocations=9 (full 0):
 garbage-first heap   total 48128K, used 27384K [0x00000000a1600000, 0x0000000100000000)
  region size 1024K, 12 young (12288K), 2 survivors (2048K)
 Metaspace       used 35594K, committed 35968K, reserved 1114112K
  class space    used 4688K, committed 4864K, reserved 1048576K
}
Event: 41.487 GC heap after
{Heap after GC invocations=10 (full 0):
 garbage-first heap   total 48128K, used 18436K [0x00000000a1600000, 0x0000000100000000)
  region size 1024K, 2 young (2048K), 2 survivors (2048K)
 Metaspace       used 35594K, committed 35968K, reserved 1114112K
  class space    used 4688K, committed 4864K, reserved 1048576K
}
Event: 44.780 GC heap before
{Heap before GC invocations=11 (full 0):
 garbage-first heap   total 48128K, used 35844K [0x00000000a1600000, 0x0000000100000000)
  region size 1024K, 19 young (19456K), 2 survivors (2048K)
 Metaspace       used 42285K, committed 42688K, reserved 1114112K
  class space    used 5503K, committed 5696K, reserved 1048576K
}
Event: 44.790 GC heap after
{Heap after GC invocations=12 (full 0):
 garbage-first heap   total 48128K, used 20315K [0x00000000a1600000, 0x0000000100000000)
  region size 1024K, 3 young (3072K), 3 survivors (3072K)
 Metaspace       used 42285K, committed 42688K, reserved 1114112K
  class space    used 5503K, committed 5696K, reserved 1048576K
}
Event: 48.981 GC heap before
{Heap before GC invocations=12 (full 0):
 garbage-first heap   total 48128K, used 34651K [0x00000000a1600000, 0x0000000100000000)
  region size 1024K, 18 young (18432K), 3 survivors (3072K)
 Metaspace       used 45376K, committed 45760K, reserved 1114112K
  class space    used 5909K, committed 6080K, reserved 1048576K
}
Event: 48.989 GC heap after
{Heap after GC invocations=13 (full 0):
 garbage-first heap   total 48128K, used 21315K [0x00000000a1600000, 0x0000000100000000)
  region size 1024K, 1 young (1024K), 1 survivors (1024K)
 Metaspace       used 45376K, committed 45760K, reserved 1114112K
  class space    used 5909K, committed 6080K, reserved 1048576K
}
Event: 54.344 GC heap before
{Heap before GC invocations=13 (full 0):
 garbage-first heap   total 48128K, used 36675K [0x00000000a1600000, 0x0000000100000000)
  region size 1024K, 16 young (16384K), 1 survivors (1024K)
 Metaspace       used 49500K, committed 49856K, reserved 1114112K
  class space    used 6580K, committed 6720K, reserved 1048576K
}
Event: 54.360 GC heap after
{Heap after GC invocations=14 (full 0):
 garbage-first heap   total 48128K, used 21992K [0x00000000a1600000, 0x0000000100000000)
  region size 1024K, 2 young (2048K), 2 survivors (2048K)
 Metaspace       used 49500K, committed 49856K, reserved 1114112K
  class space    used 6580K, committed 6720K, reserved 1048576K
}
Event: 56.363 GC heap before
{Heap before GC invocations=14 (full 0):
 garbage-first heap   total 48128K, used 37352K [0x00000000a1600000, 0x0000000100000000)
  region size 1024K, 17 young (17408K), 2 survivors (2048K)
 Metaspace       used 52210K, committed 52608K, reserved 1114112K
  class space    used 6954K, committed 7168K, reserved 1048576K
}
Event: 56.370 GC heap after
{Heap after GC invocations=15 (full 0):
 garbage-first heap   total 48128K, used 23527K [0x00000000a1600000, 0x0000000100000000)
  region size 1024K, 3 young (3072K), 3 survivors (3072K)
 Metaspace       used 52210K, committed 52608K, reserved 1114112K
  class space    used 6954K, committed 7168K, reserved 1048576K
}
Event: 57.589 GC heap before
{Heap before GC invocations=15 (full 0):
 garbage-first heap   total 48128K, used 36839K [0x00000000a1600000, 0x0000000100000000)
  region size 1024K, 16 young (16384K), 3 survivors (3072K)
 Metaspace       used 53968K, committed 54400K, reserved 1114112K
  class space    used 7203K, committed 7424K, reserved 1048576K
}
Event: 57.600 GC heap after
{Heap after GC invocations=16 (full 0):
 garbage-first heap   total 48128K, used 25121K [0x00000000a1600000, 0x0000000100000000)
  region size 1024K, 2 young (2048K), 2 survivors (2048K)
 Metaspace       used 53968K, committed 54400K, reserved 1114112K
  class space    used 7203K, committed 7424K, reserved 1048576K
}
Event: 60.297 GC heap before
{Heap before GC invocations=17 (full 0):
 garbage-first heap   total 48128K, used 37409K [0x00000000a1600000, 0x0000000100000000)
  region size 1024K, 14 young (14336K), 2 survivors (2048K)
 Metaspace       used 56115K, committed 56576K, reserved 1114112K
  class space    used 7515K, committed 7744K, reserved 1048576K
}
Event: 60.323 GC heap after
{Heap after GC invocations=18 (full 0):
 garbage-first heap   total 48128K, used 26074K [0x00000000a1600000, 0x0000000100000000)
  region size 1024K, 1 young (1024K), 1 survivors (1024K)
 Metaspace       used 56115K, committed 56576K, reserved 1114112K
  class space    used 7515K, committed 7744K, reserved 1048576K
}

Deoptimization events (20 events):
Event: 59.879 Thread 0x0000000025a93680 Uncommon trap: trap_request=0xffffffde fr.pc=0x0000000011c03014 relative=0x0000000000002a74
Event: 59.879 Thread 0x0000000025a93680 Uncommon trap: reason=class_check action=maybe_recompile pc=0x0000000011c03014 method=org.springframework.core.annotation.AnnotationsScanner.processClassInheritedAnnotations(Ljava/lang/Object;Ljava/lang/Class;Lorg/springframework/core/annotation/MergedAnn
Event: 59.879 Thread 0x0000000025a93680 DEOPT PACKING pc=0x0000000011c03014 sp=0x000000002678e5f0
Event: 59.879 Thread 0x0000000025a93680 DEOPT UNPACKING pc=0x000000000a0c23a3 sp=0x000000002678e468 mode 2
Event: 59.879 Thread 0x0000000025a93680 Uncommon trap: trap_request=0xffffffde fr.pc=0x0000000011c03014 relative=0x0000000000002a74
Event: 59.879 Thread 0x0000000025a93680 Uncommon trap: reason=class_check action=maybe_recompile pc=0x0000000011c03014 method=org.springframework.core.annotation.AnnotationsScanner.processClassInheritedAnnotations(Ljava/lang/Object;Ljava/lang/Class;Lorg/springframework/core/annotation/MergedAnn
Event: 59.879 Thread 0x0000000025a93680 DEOPT PACKING pc=0x0000000011c03014 sp=0x000000002678e5f0
Event: 59.879 Thread 0x0000000025a93680 DEOPT UNPACKING pc=0x000000000a0c23a3 sp=0x000000002678e468 mode 2
Event: 59.880 Thread 0x0000000025a93680 Uncommon trap: trap_request=0xffffffde fr.pc=0x0000000011c03014 relative=0x0000000000002a74
Event: 59.880 Thread 0x0000000025a93680 Uncommon trap: reason=class_check action=maybe_recompile pc=0x0000000011c03014 method=org.springframework.core.annotation.AnnotationsScanner.processClassInheritedAnnotations(Ljava/lang/Object;Ljava/lang/Class;Lorg/springframework/core/annotation/MergedAnn
Event: 59.880 Thread 0x0000000025a93680 DEOPT PACKING pc=0x0000000011c03014 sp=0x000000002678e5f0
Event: 59.880 Thread 0x0000000025a93680 DEOPT UNPACKING pc=0x000000000a0c23a3 sp=0x000000002678e468 mode 2
Event: 59.885 Thread 0x0000000025a93680 Uncommon trap: trap_request=0xffffffde fr.pc=0x0000000011c03014 relative=0x0000000000002a74
Event: 59.885 Thread 0x0000000025a93680 Uncommon trap: reason=class_check action=maybe_recompile pc=0x0000000011c03014 method=org.springframework.core.annotation.AnnotationsScanner.processClassInheritedAnnotations(Ljava/lang/Object;Ljava/lang/Class;Lorg/springframework/core/annotation/MergedAnn
Event: 59.885 Thread 0x0000000025a93680 DEOPT PACKING pc=0x0000000011c03014 sp=0x000000002678e5f0
Event: 59.885 Thread 0x0000000025a93680 DEOPT UNPACKING pc=0x000000000a0c23a3 sp=0x000000002678e468 mode 2
Event: 59.885 Thread 0x0000000025a93680 Uncommon trap: trap_request=0xffffffde fr.pc=0x0000000011d1890c relative=0x000000000000296c
Event: 59.885 Thread 0x0000000025a93680 Uncommon trap: reason=class_check action=maybe_recompile pc=0x0000000011d1890c method=org.springframework.core.annotation.AnnotationsScanner.processClassInheritedAnnotations(Ljava/lang/Object;Ljava/lang/Class;Lorg/springframework/core/annotation/MergedAnn
Event: 59.885 Thread 0x0000000025a93680 DEOPT PACKING pc=0x0000000011d1890c sp=0x000000002678e540
Event: 59.885 Thread 0x0000000025a93680 DEOPT UNPACKING pc=0x000000000a0c23a3 sp=0x000000002678e458 mode 2

Classes loaded (20 events):
Event: 60.198 Loading class sun/nio/ch/SocketChannelImpl$DefaultOptionsHolder
Event: 60.198 Loading class sun/nio/ch/SocketChannelImpl$DefaultOptionsHolder done
Event: 60.202 Loading class java/nio/channels/spi/AbstractSelector$1
Event: 60.203 Loading class java/nio/channels/spi/AbstractSelector$1 done
Event: 60.212 Loading class java/util/TreeMap$ValueSpliterator
Event: 60.212 Loading class java/util/TreeMap$TreeMapSpliterator
Event: 60.212 Loading class java/util/TreeMap$TreeMapSpliterator done
Event: 60.212 Loading class java/util/TreeMap$ValueSpliterator done
Event: 60.775 Loading class java/beans/ThreadGroupContext
Event: 60.775 Loading class java/beans/ThreadGroupContext done
Event: 60.776 Loading class java/beans/ThreadGroupContext$1
Event: 60.776 Loading class java/beans/WeakIdentityMap
Event: 60.776 Loading class java/beans/WeakIdentityMap done
Event: 60.776 Loading class java/beans/ThreadGroupContext$1 done
Event: 60.777 Loading class java/beans/WeakIdentityMap$Entry
Event: 60.777 Loading class java/beans/WeakIdentityMap$Entry done
Event: 60.786 Loading class java/util/stream/LongStream
Event: 60.787 Loading class java/util/stream/LongStream done
Event: 60.787 Loading class java/util/stream/DoubleStream
Event: 60.788 Loading class java/util/stream/DoubleStream done

Classes unloaded (0 events):
No events

Classes redefined (0 events):
No events

Internal exceptions (20 events):
Event: 55.905 Thread 0x0000000025a93680 Exception <a 'java/lang/NoSuchMethodError'{0x00000000a3c29c20}: 'java.lang.Object java.lang.invoke.DirectMethodHandle$Holder.invokeSpecial(java.lang.Object, java.lang.Object, java.lang.Object, java.lang.Object, java.lang.Object, java.lang.Object, java.lang.Object, java.lang.Object, java.lang.Object)'> (0x00000000a3c29c20) 
thrown [s\open\src\hotspot\share\interpreter\linkResolver.cpp, line 759]
Event: 56.440 Thread 0x0000000025a93680 Exception <a 'java/lang/NoSuchMethodError'{0x00000000a7554428}: 'void java.lang.invoke.DirectMethodHandle$Holder.invokeVirtual(java.lang.Object, java.lang.Object, long)'> (0x00000000a7554428) 
thrown [s\open\src\hotspot\share\interpreter\linkResolver.cpp, line 759]
Event: 56.697 Thread 0x0000000025a93680 Exception <a 'java/lang/IncompatibleClassChangeError'{0x00000000a3f89670}: Found class java.lang.Object, but interface was expected> (0x00000000a3f89670) 
thrown [s\open\src\hotspot\share\interpreter\linkResolver.cpp, line 826]
Event: 56.790 Thread 0x0000000025a93680 Exception <a 'java/lang/NoSuchMethodError'{0x00000000a3d320b8}: 'int java.lang.invoke.DirectMethodHandle$Holder.invokeStaticInit(java.lang.Object, java.lang.Object, java.lang.Object, java.lang.Object)'> (0x00000000a3d320b8) 
thrown [s\open\src\hotspot\share\interpreter\linkResolver.cpp, line 759]
Event: 57.286 Thread 0x0000000025a93680 Implicit null exception at 0x0000000011d20bd8 to 0x0000000011d230d0
Event: 57.287 Thread 0x0000000025a93680 Implicit null exception at 0x0000000011c6523a to 0x0000000011c65430
Event: 57.393 Thread 0x0000000025a93680 Exception <a 'java/lang/ClassNotFoundException'{0x00000000a3815388}: java/lang/ObjectCustomizer> (0x00000000a3815388) 
thrown [s\open\src\hotspot\share\classfile\systemDictionary.cpp, line 255]
Event: 57.395 Thread 0x0000000025a93680 Exception <a 'java/lang/ClassNotFoundException'{0x00000000a381c958}: org/springframework/security/config/annotation/authentication/configuration/AuthenticationConfigurationCustomizer> (0x00000000a381c958) 
thrown [s\open\src\hotspot\share\classfile\systemDictionary.cpp, line 255]
Event: 57.588 Thread 0x0000000025a93680 Exception <a 'java/lang/ClassNotFoundException'{0x00000000a38f6798}: java/lang/ObjectCustomizer> (0x00000000a38f6798) 
thrown [s\open\src\hotspot\share\classfile\systemDictionary.cpp, line 255]
Event: 57.589 Thread 0x0000000025a93680 Exception <a 'java/lang/ClassNotFoundException'{0x00000000a38fda40}: org/springframework/security/config/annotation/web/configuration/WebSecurityConfigurationCustomizer> (0x00000000a38fda40) 
thrown [s\open\src\hotspot\share\classfile\systemDictionary.cpp, line 255]
Event: 57.602 Thread 0x0000000025a93680 Exception <a 'java/lang/ClassNotFoundException'{0x00000000a750a370}: org/springframework/context/annotation/ImportAwareCustomizer> (0x00000000a750a370) 
thrown [s\open\src\hotspot\share\classfile\systemDictionary.cpp, line 255]
Event: 57.603 Thread 0x0000000025a93680 Exception <a 'java/lang/ClassNotFoundException'{0x00000000a750e618}: org/springframework/beans/factory/AwareCustomizer> (0x00000000a750e618) 
thrown [s\open\src\hotspot\share\classfile\systemDictionary.cpp, line 255]
Event: 57.603 Thread 0x0000000025a93680 Exception <a 'java/lang/ClassNotFoundException'{0x00000000a7511d00}: org/springframework/beans/factory/BeanClassLoaderAwareCustomizer> (0x00000000a7511d00) 
thrown [s\open\src\hotspot\share\classfile\systemDictionary.cpp, line 255]
Event: 57.604 Thread 0x0000000025a93680 Exception <a 'java/lang/ClassNotFoundException'{0x00000000a7515f88}: org/springframework/beans/factory/AwareCustomizer> (0x00000000a7515f88) 
thrown [s\open\src\hotspot\share\classfile\systemDictionary.cpp, line 255]
Event: 57.611 Thread 0x0000000025a93680 Exception <a 'java/lang/ClassNotFoundException'{0x00000000a7526960}: java/lang/ObjectCustomizer> (0x00000000a7526960) 
thrown [s\open\src\hotspot\share\classfile\systemDictionary.cpp, line 255]
Event: 57.612 Thread 0x0000000025a93680 Exception <a 'java/lang/ClassNotFoundException'{0x00000000a752e6d8}: org/springframework/security/config/annotation/web/configuration/HttpSecurityConfigurationCustomizer> (0x00000000a752e6d8) 
thrown [s\open\src\hotspot\share\classfile\systemDictionary.cpp, line 255]
Event: 57.799 Thread 0x0000000025a93680 Implicit null exception at 0x0000000011c49651 to 0x0000000011c49702
Event: 60.000 Thread 0x0000000025a93680 Exception <a 'java/lang/NoSuchMethodError'{0x00000000a3a81258}: 'java.lang.Object java.lang.invoke.DirectMethodHandle$Holder.invokeSpecial(java.lang.Object, java.lang.Object, int, java.lang.Object, int, java.lang.Object)'> (0x00000000a3a81258) 
thrown [s\open\src\hotspot\share\interpreter\linkResolver.cpp, line 759]
Event: 60.002 Thread 0x0000000025a93680 Exception <a 'java/lang/NoSuchMethodError'{0x00000000a3a89378}: 'java.lang.Object java.lang.invoke.DirectMethodHandle$Holder.newInvokeSpecial(java.lang.Object, java.lang.Object, int, java.lang.Object, int)'> (0x00000000a3a89378) 
thrown [s\open\src\hotspot\share\interpreter\linkResolver.cpp, line 759]
Event: 60.004 Thread 0x0000000025a93680 Exception <a 'java/lang/NoSuchMethodError'{0x00000000a3a8d480}: 'java.lang.Object java.lang.invoke.DirectMethodHandle$Holder.invokeSpecial(java.lang.Object, java.lang.Object, java.lang.Object, int, java.lang.Object, int)'> (0x00000000a3a8d480) 
thrown [s\open\src\hotspot\share\interpreter\linkResolver.cpp, line 759]

VM Operations (20 events):
Event: 56.513 Executing VM operation: HandshakeAllThreads
Event: 56.513 Executing VM operation: HandshakeAllThreads done
Event: 56.566 Executing VM operation: HandshakeAllThreads
Event: 56.566 Executing VM operation: HandshakeAllThreads done
Event: 56.661 Executing VM operation: HandshakeAllThreads
Event: 56.661 Executing VM operation: HandshakeAllThreads done
Event: 56.729 Executing VM operation: HandshakeAllThreads
Event: 56.729 Executing VM operation: HandshakeAllThreads done
Event: 57.589 Executing VM operation: G1CollectForAllocation
Event: 57.600 Executing VM operation: G1CollectForAllocation done
Event: 57.690 Executing VM operation: G1Concurrent
Event: 57.697 Executing VM operation: G1Concurrent done
Event: 57.736 Executing VM operation: G1Concurrent
Event: 57.736 Executing VM operation: G1Concurrent done
Event: 57.779 Executing VM operation: HandshakeAllThreads
Event: 57.779 Executing VM operation: HandshakeAllThreads done
Event: 58.779 Executing VM operation: Cleanup
Event: 58.780 Executing VM operation: Cleanup done
Event: 60.294 Executing VM operation: G1CollectForAllocation
Event: 60.323 Executing VM operation: G1CollectForAllocation done

Events (20 events):
Event: 59.818 Thread 0x00000000254e5e70 Thread added: 0x00000000254e5e70
Event: 59.853 Thread 0x00000000254e6810 Thread added: 0x00000000254e6810
Event: 59.863 Thread 0x00000000254e6810 Thread exited: 0x00000000254e6810
Event: 59.864 Thread 0x00000000254e6810 Thread added: 0x00000000254e6810
Event: 60.081 Thread 0x00000000254e6ce0 Thread added: 0x00000000254e6ce0
Event: 60.085 Thread 0x00000000254e71b0 Thread added: 0x00000000254e71b0
Event: 60.090 Thread 0x00000000254e7680 Thread added: 0x00000000254e7680
Event: 60.097 Thread 0x00000000254e7b50 Thread added: 0x00000000254e7b50
Event: 60.099 Thread 0x00000000254e8020 Thread added: 0x00000000254e8020
Event: 60.100 Thread 0x0000000029a88a20 Thread added: 0x0000000029a88a20
Event: 60.104 Thread 0x0000000029a88ef0 Thread added: 0x0000000029a88ef0
Event: 60.104 Thread 0x0000000029a893c0 Thread added: 0x0000000029a893c0
Event: 60.106 Thread 0x0000000029a89890 Thread added: 0x0000000029a89890
Event: 60.110 Thread 0x0000000029a89d60 Thread added: 0x0000000029a89d60
Event: 60.201 Thread 0x0000000029a8a230 Thread added: 0x0000000029a8a230
Event: 60.208 Thread 0x0000000029a8a700 Thread added: 0x0000000029a8a700
Event: 60.773 Thread 0x0000000025a93680 Thread exited: 0x0000000025a93680
Event: 60.790 Thread 0x00000000257a2ed0 Thread exited: 0x00000000257a2ed0
Event: 60.791 Thread 0x00000000004b2440 Thread exited: 0x00000000004b2440
Event: 60.792 Thread 0x0000000029a8abd0 Thread added: 0x0000000029a8abd0


Dynamic libraries:
0x000000013f7f0000 - 0x000000013f800000 	C:\Program Files\Java\jdk-18.0.2.1\bin\java.exe
0x00000000779a0000 - 0x0000000077b3f000 	C:\Windows\SYSTEM32\ntdll.dll
0x0000000077780000 - 0x000000007789f000 	C:\Windows\system32\kernel32.dll
0x000007fefd810000 - 0x000007fefd877000 	C:\Windows\system32\KERNELBASE.dll
0x000007fefa950000 - 0x000007fefa968000 	C:\Program Files\Java\jdk-18.0.2.1\bin\jli.dll
0x000007feffbb0000 - 0x000007feffc8b000 	C:\Windows\system32\ADVAPI32.dll
0x000007fefe690000 - 0x000007fefe72f000 	C:\Windows\system32\msvcrt.dll
0x000007fefe090000 - 0x000007fefe0af000 	C:\Windows\SYSTEM32\sechost.dll
0x000007fefe0b0000 - 0x000007fefe1dc000 	C:\Windows\system32\RPCRT4.dll
0x000007fefbc90000 - 0x000007fefbe85000 	C:\Windows\WinSxS\amd64_microsoft.windows.common-controls_6595b64144ccf1df_6.0.7601.24483_none_e372d88f30fbb845\COMCTL32.dll
0x000007fefda90000 - 0x000007fefdaf7000 	C:\Windows\system32\GDI32.dll
0x00000000778a0000 - 0x000000007799a000 	C:\Windows\system32\USER32.dll
0x000007fefe760000 - 0x000007fefe76e000 	C:\Windows\system32\LPK.dll
0x000007fefdc90000 - 0x000007fefdd5b000 	C:\Windows\system32\USP10.dll
0x000007fefe770000 - 0x000007fefe7e1000 	C:\Windows\system32\SHLWAPI.dll
0x000007fefc5d0000 - 0x000007fefc5dc000 	C:\Windows\system32\VERSION.dll
0x000007fefa970000 - 0x000007fefa98a000 	C:\Program Files\Java\jdk-18.0.2.1\bin\VCRUNTIME140.dll
0x000007fefa940000 - 0x000007fefa944000 	C:\Program Files\Java\jdk-18.0.2.1\bin\api-ms-win-crt-runtime-l1-1-0.dll
0x000007fef0af0000 - 0x000007fef0bea000 	C:\Program Files\Java\jdk-18.0.2.1\bin\ucrtbase.DLL
0x000007fefbfd0000 - 0x000007fefbfd3000 	C:\Program Files\Java\jdk-18.0.2.1\bin\api-ms-win-core-localization-l1-2-0.dll
0x000007fefa920000 - 0x000007fefa923000 	C:\Program Files\Java\jdk-18.0.2.1\bin\api-ms-win-core-processthreads-l1-1-1.dll
0x000007fefa930000 - 0x000007fefa933000 	C:\Program Files\Java\jdk-18.0.2.1\bin\api-ms-win-core-file-l1-2-0.dll
0x000007fefa900000 - 0x000007fefa903000 	C:\Program Files\Java\jdk-18.0.2.1\bin\api-ms-win-core-timezone-l1-1-0.dll
0x000007fefa910000 - 0x000007fefa913000 	C:\Program Files\Java\jdk-18.0.2.1\bin\api-ms-win-core-file-l2-1-0.dll
0x000007fefa8e0000 - 0x000007fefa8e3000 	C:\Program Files\Java\jdk-18.0.2.1\bin\api-ms-win-core-synch-l1-2-0.dll
0x000007fefa8f0000 - 0x000007fefa8f3000 	C:\Program Files\Java\jdk-18.0.2.1\bin\api-ms-win-crt-heap-l1-1-0.dll
0x000007fefa8c0000 - 0x000007fefa8c4000 	C:\Program Files\Java\jdk-18.0.2.1\bin\api-ms-win-crt-string-l1-1-0.dll
0x000007fefa8d0000 - 0x000007fefa8d4000 	C:\Program Files\Java\jdk-18.0.2.1\bin\api-ms-win-crt-stdio-l1-1-0.dll
0x000007fef9a00000 - 0x000007fef9a04000 	C:\Program Files\Java\jdk-18.0.2.1\bin\api-ms-win-crt-convert-l1-1-0.dll
0x000007fefa8b0000 - 0x000007fefa8b3000 	C:\Program Files\Java\jdk-18.0.2.1\bin\api-ms-win-crt-environment-l1-1-0.dll
0x000007fef97a0000 - 0x000007fef97a3000 	C:\Program Files\Java\jdk-18.0.2.1\bin\api-ms-win-crt-filesystem-l1-1-0.dll
0x000007fef97e0000 - 0x000007fef97e5000 	C:\Program Files\Java\jdk-18.0.2.1\bin\api-ms-win-crt-math-l1-1-0.dll
0x000007fef5d60000 - 0x000007fef5d63000 	C:\Program Files\Java\jdk-18.0.2.1\bin\api-ms-win-crt-locale-l1-1-0.dll
0x000007fefe730000 - 0x000007fefe75e000 	C:\Windows\system32\IMM32.DLL
0x000007fefdb00000 - 0x000007fefdc0b000 	C:\Windows\system32\MSCTF.dll
0x000007fef9790000 - 0x000007fef979c000 	C:\Program Files\Java\jdk-18.0.2.1\bin\vcruntime140_1.dll
0x000007fef0c60000 - 0x000007fef0ced000 	C:\Program Files\Java\jdk-18.0.2.1\bin\msvcp140.dll
0x000007fef44f0000 - 0x000007fef44f3000 	C:\Program Files\Java\jdk-18.0.2.1\bin\api-ms-win-crt-time-l1-1-0.dll
0x000007fef4a20000 - 0x000007fef4a23000 	C:\Program Files\Java\jdk-18.0.2.1\bin\api-ms-win-crt-utility-l1-1-0.dll
0x000007feee160000 - 0x000007feeed71000 	C:\Program Files\Java\jdk-18.0.2.1\bin\server\jvm.dll
0x000007fef65e0000 - 0x000007fef65e9000 	C:\Windows\system32\WSOCK32.dll
0x000007fefe980000 - 0x000007fefe9cd000 	C:\Windows\system32\WS2_32.dll
0x000007fefe9d0000 - 0x000007fefe9d8000 	C:\Windows\system32\NSI.dll
0x000007fefc460000 - 0x000007fefc49b000 	C:\Windows\system32\WINMM.dll
0x0000000077b50000 - 0x0000000077b57000 	C:\Windows\system32\PSAPI.DLL
0x000007fef2b30000 - 0x000007fef2b3a000 	C:\Program Files\Java\jdk-18.0.2.1\bin\jimage.dll
0x000007feeabf0000 - 0x000007feead15000 	C:\Windows\system32\DBGHELP.DLL
0x000007fef4ba0000 - 0x000007fef4bae000 	C:\Program Files\Java\jdk-18.0.2.1\bin\instrument.dll
0x000007fef0c30000 - 0x000007fef0c55000 	C:\Program Files\Java\jdk-18.0.2.1\bin\java.dll
0x000007fef0a10000 - 0x000007fef0ae6000 	C:\Program Files\Java\jdk-18.0.2.1\bin\jsvml.dll
0x000007fefec20000 - 0x000007feff9ab000 	C:\Windows\system32\SHELL32.dll
0x000007feff9b0000 - 0x000007feffbaf000 	C:\Windows\system32\ole32.dll
0x000007fefd500000 - 0x000007fefd50f000 	C:\Windows\system32\profapi.dll
0x000007fef0bf0000 - 0x000007fef0c08000 	C:\Program Files\Java\jdk-18.0.2.1\bin\zip.dll
0x000007fef2a30000 - 0x000007fef2a43000 	C:\Program Files\Java\jdk-18.0.2.1\bin\net.dll
0x000007fef6d30000 - 0x000007fef6da1000 	C:\Windows\system32\WINHTTP.dll
0x000007fef6cc0000 - 0x000007fef6d25000 	C:\Windows\system32\webio.dll
0x000007fefcb70000 - 0x000007fefcbc5000 	C:\Windows\system32\mswsock.dll
0x000007fefcf50000 - 0x000007fefcf57000 	C:\Windows\System32\wship6.dll
0x000007fef0c10000 - 0x000007fef0c26000 	C:\Program Files\Java\jdk-18.0.2.1\bin\nio.dll
0x000007fef2b00000 - 0x000007fef2b1a000 	C:\Users\Yara\AppData\Local\JetBrains\IntelliJ IDEA Community Edition 2022.2.2\bin\breakgen64.dll
0x000007fef09e0000 - 0x000007fef09f0000 	C:\Program Files\Java\jdk-18.0.2.1\bin\verify.dll
0x000007fefa9a0000 - 0x000007fefa9a9000 	C:\Program Files\Java\jdk-18.0.2.1\bin\management.dll
0x000007fefa990000 - 0x000007fefa99b000 	C:\Program Files\Java\jdk-18.0.2.1\bin\management_ext.dll
0x000007fefad70000 - 0x000007fefad85000 	C:\Windows\system32\NLAapi.dll
0x000007fef43d0000 - 0x000007fef43e5000 	C:\Windows\system32\napinsp.dll
0x000007fef43b0000 - 0x000007fef43c9000 	C:\Windows\system32\pnrpnsp.dll
0x000007fefca00000 - 0x000007fefca5b000 	C:\Windows\system32\DNSAPI.dll
0x000007fef43a0000 - 0x000007fef43ab000 	C:\Windows\System32\winrnr.dll
0x0000000070260000 - 0x0000000070286000 	C:\Program Files\Bonjour\mdnsNSP.dll
0x000007fefb3e0000 - 0x000007fefb407000 	C:\Windows\system32\Iphlpapi.DLL
0x000007fefb3d0000 - 0x000007fefb3db000 	C:\Windows\system32\WINNSI.DLL
0x000007fef6ab0000 - 0x000007fef6ac0000 	C:\Windows\system32\wshbth.dll
0x000007fefc6a0000 - 0x000007fefc6a7000 	C:\Windows\System32\wshtcpip.dll
0x000007fee5730000 - 0x000007fee5738000 	C:\Windows\system32\rasadhlp.dll
0x000007fefc2f0000 - 0x000007fefc343000 	C:\Windows\System32\fwpuclnt.dll
0x000007fefce00000 - 0x000007fefce18000 	C:\Windows\system32\CRYPTSP.dll
0x000007fefc970000 - 0x000007fefc9b7000 	C:\Windows\system32\rsaenh.dll
0x000007fefd7f0000 - 0x000007fefd80f000 	C:\Windows\system32\USERENV.dll
0x000007fefd350000 - 0x000007fefd35f000 	C:\Windows\system32\CRYPTBASE.dll
0x000007fefc440000 - 0x000007fefc458000 	C:\Windows\system32\dhcpcsvc.DLL
0x000007fefc230000 - 0x000007fefc241000 	C:\Windows\system32\dhcpcsvc6.DLL
0x000007fef4b90000 - 0x000007fef4b9e000 	C:\Program Files\Java\jdk-18.0.2.1\bin\sunmscapi.dll
0x000007fefd630000 - 0x000007fefd79d000 	C:\Windows\system32\CRYPT32.dll
0x000007fefd4f0000 - 0x000007fefd4ff000 	C:\Windows\system32\MSASN1.dll
0x000007fefce50000 - 0x000007fefcea0000 	C:\Windows\system32\ncrypt.dll
0x000007fefce20000 - 0x000007fefce42000 	C:\Windows\system32\bcrypt.dll

dbghelp: loaded successfully - version: 4.0.5 - missing functions: none
symbol engine: initialized successfully - sym options: 0x614 - pdb path: .;C:\Program Files\Java\jdk-18.0.2.1\bin;C:\Windows\SYSTEM32;C:\Windows\WinSxS\amd64_microsoft.windows.common-controls_6595b64144ccf1df_6.0.7601.24483_none_e372d88f30fbb845;C:\Program Files\Java\jdk-18.0.2.1\bin\server;C:\Users\Yara\AppData\Local\JetBrains\IntelliJ IDEA Community Edition 2022.2.2\bin;C:\Program Files\Bonjour

VM Arguments:
jvm_args: -javaagent:C:\Users\Yara\AppData\Local\JetBrains\IntelliJ IDEA Community Edition 2022.2.2\lib\idea_rt.jar=52806:C:\Users\Yara\AppData\Local\JetBrains\IntelliJ IDEA Community Edition 2022.2.2\bin -Dfile.encoding=UTF-8 -Dsun.stdout.encoding=UTF-8 -Dsun.stderr.encoding=UTF-8 
java_command: com.picturethis.PictureThisApplication
java_class_path (initial): C:\Users\Yara\IdeaProjects\picture-this\target\classes;C:\Users\Yara\.m2\repository\org\springframework\boot\spring-boot-starter-data-jpa\2.7.4\spring-boot-starter-data-jpa-2.7.4.jar;C:\Users\Yara\.m2\repository\org\springframework\boot\spring-boot-starter-aop\2.7.4\spring-boot-starter-aop-2.7.4.jar;C:\Users\Yara\.m2\repository\org\aspectj\aspectjweaver\1.9.7\aspectjweaver-1.9.7.jar;C:\Users\Yara\.m2\repository\jakarta\transaction\jakarta.transaction-api\1.3.3\jakarta.transaction-api-1.3.3.jar;C:\Users\Yara\.m2\repository\jakarta\persistence\jakarta.persistence-api\2.2.3\jakarta.persistence-api-2.2.3.jar;C:\Users\Yara\.m2\repository\org\hibernate\hibernate-core\5.6.11.Final\hibernate-core-5.6.11.Final.jar;C:\Users\Yara\.m2\repository\org\jboss\logging\jboss-logging\3.4.3.Final\jboss-logging-3.4.3.Final.jar;C:\Users\Yara\.m2\repository\net\bytebuddy\byte-buddy\1.12.17\byte-buddy-1.12.17.jar;C:\Users\Yara\.m2\repository\antlr\antlr\2.7.7\antlr-2.7.7.jar;C:\Users\Yara\.m2\repository\org\jboss\jandex\2.4.2.Final\jandex-2.4.2.Final.jar;C:\Users\Yara\.m2\repository\com\fasterxml\classmate\1.5.1\classmate-1.5.1.jar;C:\Users\Yara\.m2\repository\org\hibernate\common\hibernate-commons-annotations\5.1.2.Final\hibernate-commons-annotations-5.1.2.Final.jar;C:\Users\Yara\.m2\repository\org\glassfish\jaxb\jaxb-runtime\2.3.6\jaxb-runtime-2.3.6.jar;C:\Users\Yara\.m2\repository\org\glassfish\jaxb\txw2\2.3.6\txw2-2.3.6.jar;C:\Users\Yara\.m2\repository\com\sun\istack\istack-commons-runtime\3.0.12\istack-commons-runtime-3.0.12.jar;C:\Users\Yara\.m2\repository\com\sun\activation\jakarta.activation\1.2.2\jakarta.activation-1.2.2.jar;C:\Users\Yara\.m2\repository\org\springframework\data\spring-data-jpa\2.7.3\spring-data-jpa-2.7.3.jar;C:\Users\Yara\.m2\repository\org\springframework\data\spring-data-commons\2.7.3\spring-data-commons-2.7.3.jar;C:\Users\Yara\.m2\repository\org\springframework\spring-orm\5.3.23\spring-orm-5.3.23.jar;C:\Users\Yara\.m2\repository\org\springframework\spring-context\5.3.23\spring-context-5.3.23.jar;C:\Users\Yara\.m2\repository\org\springframework\spring-tx\5.3.23\spring-tx-5.3.23.jar;C:\Users\Yara\.m2\repository\org\springframework\spring-beans\5.3.23\spring-beans-5.3.23.jar;C:\Users\Yara\.m2\repository\org\springframework\spring-aspects\5.3.23\spring-aspects-5.3.23.jar;C:\Users\Yara\.m2\repository\org\springframework\boot\spring-boot-starter-jdbc\2.7.4\spring-boot-starter-jdbc-2.7.4.jar;C:\Users\Yara\.m2\repository\org\springframework\boot\spring-boot-starter\2.7.4\spring-boot-starter-2.7.4.jar;C:\Users\Yara\.m2\repository\org\springframework\boot\spring-boot-starter-logging\2.7.4\spring-boot-starter-logging-2.7.4.jar;C:\Users\Yara\.m2\repository\ch\qos\logback\logback-classic\1.2.11\logback-classic-1.2.11.jar;C:\Users\Yara\.m2\repository\ch\qos\logback\logback-core\1.2.11\logback-core-1.2.11.jar;C:\Users\Yara\.m2\repository\org\apache\logging\log4j\log4j-to-slf4j\2.17.2\log4j-to-slf4j-2.17.2.jar;C:\Users\Yara\.m2\repository\org\apache\logging\log4j\log4j-api\2.17.2\log4j-api-2.17.2.jar;C:\Users\Yara\.m2\repository\org\slf4j\jul-to-slf4j\1.7.36\jul-to-slf4j-1.7.36.jar;C:\Users\Yara\.m2\repository\jakarta\annotation\jakarta.annotation-api\1.3.5\jakarta.annotation-api-1.3.5.jar;C:\Users\Yara\.m2\repository\org\yaml\snakeyaml\1.30\snakeyaml-1.30.jar;C:\Users\Yara\.m2\repository\com\zaxxer\HikariCP\4.0.3\HikariCP-4.0.3.jar;C:\Users\Yara\.m2\repository\org\springframework\spring-jdbc\5.3.23\spring-jdbc-5.3.23.jar;C:\Users\Yara\.m2\repository\org\springframework\boot\spring-boot-starter-security\2.7.4\spring-boot-starter-security-2.7.4.jar;C:\Users\Yara\.m2\repository\org\springframework\spring-aop\5.3.23\spring-aop-5.3.23.jar;C:\Users\Yara\.m2\repository\org\springframework\security\spring-security-config\5.7.3\spring-security-config-5.7.3.jar;C:\Users\Yara\.m2\repository\org\springframework\security\spring-security-web\5.7.3\spring-security-web-5.7.3.jar;C:\Users\Yara\.m2\repository\org\springframework\spring-expression\5.3.23\spring-expression-5.3.23.jar;C:\Users\Yara\.m2\repository\org\springframework\boot\spring-boot-devtools\2.7.4\spring-boot-devtools-2.7.4.jar;C:\Users\Yara\.m2\repository\org\springframework\boot\spring-boot\2.7.4\spring-boot-2.7.4.jar;C:\Users\Yara\.m2\repository\org\springframework\boot\spring-boot-autoconfigure\2.7.4\spring-boot-autoconfigure-2.7.4.jar;C:\Users\Yara\.m2\repository\org\springframework\boot\spring-boot-starter-thymeleaf\2.7.4\spring-boot-starter-thymeleaf-2.7.4.jar;C:\Users\Yara\.m2\repository\org\thymeleaf\thymeleaf-spring5\3.0.15.RELEASE\thymeleaf-spring5-3.0.15.RELEASE.jar;C:\Users\Yara\.m2\repository\org\thymeleaf\thymeleaf\3.0.15.RELEASE\thymeleaf-3.0.15.RELEASE.jar;C:\Users\Yara\.m2\repository\org\attoparser\attoparser\2.0.5.RELEASE\attoparser-2.0.5.RELEASE.jar;C:\Users\Yara\.m2\repository\org\unbescape\unbescape\1.1.6.RELEASE\unbescape-1.1.6.RELEASE.jar;C:\Users\Yara\.m2\repository\org\thymeleaf\extras\thymeleaf-extras-java8time\3.0.4.RELEASE\thymeleaf-extras-java8time-3.0.4.RELEASE.jar;C:\Users\Yara\.m2\repository\org\springframework\boot\spring-boot-starter-web\2.7.4\spring-boot-starter-web-2.7.4.jar;C:\Users\Yara\.m2\repository\org\springframework\boot\spring-boot-starter-json\2.7.4\spring-boot-starter-json-2.7.4.jar;C:\Users\Yara\.m2\repository\com\fasterxml\jackson\core\jackson-databind\2.13.4\jackson-databind-2.13.4.jar;C:\Users\Yara\.m2\repository\com\fasterxml\jackson\core\jackson-annotations\2.13.4\jackson-annotations-2.13.4.jar;C:\Users\Yara\.m2\repository\com\fasterxml\jackson\core\jackson-core\2.13.4\jackson-core-2.13.4.jar;C:\Users\Yara\.m2\repository\com\fasterxml\jackson\datatype\jackson-datatype-jdk8\2.13.4\jackson-datatype-jdk8-2.13.4.jar;C:\Users\Yara\.m2\repository\com\fasterxml\jackson\datatype\jackson-datatype-jsr310\2.13.4\jackson-datatype-jsr310-2.13.4.jar;C:\Users\Yara\.m2\repository\com\fasterxml\jackson\module\jackson-module-parameter-names\2.13.4\jackson-module-parameter-names-2.13.4.jar;C:\Users\Yara\.m2\repository\org\springframework\boot\spring-boot-starter-tomcat\2.7.4\spring-boot-starter-tomcat-2.7.4.jar;C:\Users\Yara\.m2\repository\org\apache\tomcat\embed\tomcat-embed-core\9.0.65\tomcat-embed-core-9.0.65.jar;C:\Users\Yara\.m2\repository\org\apache\tomcat\embed\tomcat-embed-websocket\9.0.65\tomcat-embed-websocket-9.0.65.jar;C:\Users\Yara\.m2\repository\org\springframework\spring-web\5.3.23\spring-web-5.3.23.jar;C:\Users\Yara\.m2\repository\org\springframework\spring-webmvc\5.3.23\spring-webmvc-5.3.23.jar;C:\Users\Yara\.m2\repository\org\thymeleaf\extras\thymeleaf-extras-springsecurity5\3.0.4.RELEASE\thymeleaf-extras-springsecurity5-3.0.4.RELEASE.jar;C:\Users\Yara\.m2\repository\org\slf4j\slf4j-api\1.7.36\slf4j-api-1.7.36.jar;C:\Users\Yara\.m2\repository\com\mysql\mysql-connector-j\8.0.31\mysql-connector-j-8.0.31.jar;C:\Users\Yara\.m2\repository\com\google\protobuf\protobuf-java\3.19.4\protobuf-java-3.19.4.jar;C:\Users\Yara\.m2\repository\org\projectlombok\lombok\1.18.24\lombok-1.18.24.jar;C:\Users\Yara\.m2\repository\jakarta\xml\bind\jakarta.xml.bind-api\2.3.3\jakarta.xml.bind-api-2.3.3.jar;C:\Users\Yara\.m2\repository\jakarta\activation\jakarta.activation-api\1.2.2\jakarta.activation-api-1.2.2.jar;C:\Users\Yara\.m2\repository\org\springframework\spring-core\5.3.23\spring-core-5.3.23.jar;C:\Users\Yara\.m2\repository\org\springframework\spring-jcl\5.3.23\spring-jcl-5.3.23.jar;C:\Users\Yara\.m2\repository\org\springframework\boot\spring-boot-starter-validation\2.7.4\spring-boot-starter-validation-2.7.4.jar;C:\Users\Yara\.m2\repository\org\apache\tomcat\embed\tomcat-embed-el\9.0.65\tomcat-embed-el-9.0.65.jar;C:\Users\Yara\.m2\repository\org\hibernate\validator\hibernate-validator\6.2.5.Final\hibernate-validator-6.2.5.Final.jar;C:\Users\Yara\.m2\repository\jakarta\validation\jakarta.validation-api\2.0.2\jakarta.validation-api-2.0.2.jar;C:\Users\Yara\.m2\repository\org\springframework\security\spring-security-core\5.7.3\spring-security-core-5.7.3.jar;C:\Users\Yara\.m2\repository\org\springframework\security\spring-security-crypto\5.7.3\spring-security-crypto-5.7.3.jar
Launcher Type: SUN_STANDARD

[Global flags]
     intx CICompilerCount                          = 3                                         {product} {ergonomic}
     uint ConcGCThreads                            = 1                                         {product} {ergonomic}
     uint G1ConcRefinementThreads                  = 4                                         {product} {ergonomic}
   size_t G1HeapRegionSize                         = 1048576                                   {product} {ergonomic}
    uintx GCDrainStackTargetSize                   = 64                                        {product} {ergonomic}
   size_t InitialHeapSize                          = 100663296                                 {product} {ergonomic}
   size_t MarkStackSize                            = 4194304                                   {product} {ergonomic}
   size_t MaxHeapSize                              = 1587544064                                {product} {ergonomic}
   size_t MaxNewSize                               = 952107008                                 {product} {ergonomic}
   size_t MinHeapDeltaBytes                        = 1048576                                   {product} {ergonomic}
   size_t MinHeapSize                              = 8388608                                   {product} {ergonomic}
    uintx NonNMethodCodeHeapSize                   = 5832780                                {pd product} {ergonomic}
    uintx NonProfiledCodeHeapSize                  = 122912730                              {pd product} {ergonomic}
    uintx ProfiledCodeHeapSize                     = 122912730                              {pd product} {ergonomic}
    uintx ReservedCodeCacheSize                    = 251658240                              {pd product} {ergonomic}
     bool SegmentedCodeCache                       = true                                      {product} {ergonomic}
   size_t SoftMaxHeapSize                          = 1587544064                             {manageable} {ergonomic}
     bool UseCompressedClassPointers               = true                           {product lp64_product} {ergonomic}
     bool UseCompressedOops                        = true                           {product lp64_product} {ergonomic}
     bool UseG1GC                                  = true                                      {product} {ergonomic}
     bool UseLargePagesIndividualAllocation        = false                                  {pd product} {ergonomic}

Logging:
Log output configuration:
 #0: stdout all=warning uptime,level,tags foldmultilines=false
 #1: stderr all=off uptime,level,tags foldmultilines=false

Environment Variables:
JAVA_HOME=C:\Program Files\Java\jdk-16.0.1
PATH=C:\Program Files\Java\apache-maven-3.8.6\bin;C:\Program Files\nodejs\;C:\Program Files\Java\jdk-16.0.1\bin;C:\Users\Yara\AppData\Roaming\npm
USERNAME=Yara
OS=Windows_NT
PROCESSOR_IDENTIFIER=Intel64 Family 6 Model 42 Stepping 7, GenuineIntel



---------------  S Y S T E M  ---------------

OS:
 Windows 7 , 64 bit Build 7601 (6.1.7601.24545)
OS uptime: 0 days 6:14 hours

CPU: total 4 (initial active 4) (2 cores per cpu, 2 threads per core) family 6 model 42 stepping 7 microcode 0x0, cx8, cmov, fxsr, ht, mmx, sse, sse2, sse3, ssse3, sse4.1, sse4.2, popcnt, tsc, tscinvbit, avx, aes, clmul, vzeroupper, clflush

Memory: 4k page, system-wide physical 6051M (700M free)
TotalPageFile size 10049M (AvailPageFile size 4M)
current process WorkingSet (physical memory assigned to process): 227M, peak: 230M
current process commit charge ("private bytes"): 264M, peak: 267M

vm_info: Java HotSpot(TM) 64-Bit Server VM (18.0.2.1+1-1) for windows-amd64 JRE (18.0.2.1+1-1), built on Aug 16 2022 01:46:33 by "mach5one" with MS VC++ 16.8 / 16.9 (VS2019)

END.
